#
# There is insufficient memory for the Java Runtime Environment to continue.
# Native memory allocation (malloc) failed to allocate 196976 bytes for Chunk::new
# Possible reasons:
#   The system is out of physical RAM or swap space
#   The process is running with CompressedOops enabled, and the Java Heap may be blocking the growth of the native heap
# Possible solutions:
#   Reduce memory load on the system
#   Increase physical memory or swap space
#   Check if swap backing store is full
#   Decrease Java heap size (-Xmx/-Xms)
#   Decrease number of Java threads
#   Decrease Java thread stack sizes (-Xss)
#   Set larger code cache with -XX:ReservedCodeCacheSize=
#   JVM is running with Zero Based Compressed Oops mode in which the Java heap is
#     placed in the first 32GB address space. The Java Heap base address is the
#     maximum limit for the native heap growth. Please use -XX:HeapBaseMinAddress
#     to set the Java Heap base and to place the Java Heap above 32GB virtual address.
# This output file may be truncated or incomplete.
#
#  Out of Memory Error (arena.cpp:184), pid=11404, tid=19592
#
# JRE version: Java(TM) SE Runtime Environment (18.0.1.1+2) (build 18.0.1.1+2-6)
# Java VM: Java HotSpot(TM) 64-Bit Server VM (18.0.1.1+2-6, mixed mode, sharing, tiered, compressed oops, compressed class ptrs, g1 gc, windows-amd64)
# No core dump will be written. Minidumps are not enabled by default on client versions of Windows
#

---------------  S U M M A R Y ------------

Command Line: -javaagent:C:\Program Files\JetBrains\IntelliJ IDEA 2022.2.1\lib\idea_rt.jar=61219:C:\Program Files\JetBrains\IntelliJ IDEA 2022.2.1\bin -Dfile.encoding=UTF-8 -Dsun.stdout.encoding=UTF-8 -Dsun.stderr.encoding=UTF-8 Launcher

Host: Intel(R) Core(TM) i5-8400 CPU @ 2.80GHz, 6 cores, 15G,  Windows 11 , 64 bit Build 22000 (10.0.22000.1335)
Time: Thu Feb  2 11:13:34 2023 Est elapsed time: 0.846726 seconds (0d 0h 0m 0s)

---------------  T H R E A D  ---------------

Current thread (0x000002037e850b20):  JavaThread "C2 CompilerThread1" daemon [_thread_in_native, id=19592, stack(0x00000044c1d00000,0x00000044c1e00000)]


Current CompileTask:
C2:    846 1175       4       sun.java2d.SunGraphics2D::drawImage (11 bytes)

Stack: [0x00000044c1d00000,0x00000044c1e00000]
Native frames: (J=compiled Java code, j=interpreted, Vv=VM code, C=native code)
V  [jvm.dll+0x69887a]
V  [jvm.dll+0x7f38bd]
V  [jvm.dll+0x7f51ce]
V  [jvm.dll+0x7f5883]
V  [jvm.dll+0x25ca3f]
V  [jvm.dll+0xb8c2f]
V  [jvm.dll+0xb8fa5]
V  [jvm.dll+0x2c794f]
V  [jvm.dll+0x5a05b0]
V  [jvm.dll+0x237f1e]
V  [jvm.dll+0x231764]
V  [jvm.dll+0x22eeeb]
V  [jvm.dll+0x1b9cfc]
V  [jvm.dll+0x23e8ca]
V  [jvm.dll+0x23cbb5]
V  [jvm.dll+0x7a5fb1]
V  [jvm.dll+0x7a03ea]
V  [jvm.dll+0x697725]
C  [ucrtbase.dll+0x26c0c]
C  [KERNEL32.DLL+0x155a0]
C  [ntdll.dll+0x485b]


---------------  P R O C E S S  ---------------

Threads class SMR info:
_java_thread_list=0x000002037e88f990, length=24, elements={
0x000002037292a760, 0x000002037292b100, 0x0000020372948160, 0x0000020372948a10,
0x00000203729492c0, 0x0000020372949c60, 0x0000020372954950, 0x0000020372959750,
0x000002037295a040, 0x0000020376c76cc0, 0x0000020376de74b0, 0x0000020376de7970,
0x0000020376f26d80, 0x0000020376ffc6a0, 0x0000020376ffdff0, 0x00000203779d3260,
0x00000203779d23f0, 0x00000203779d1f20, 0x000002037e850b20, 0x00000203779d28c0,
0x00000203779d0710, 0x00000203779d2d90, 0x00000203779d1a50, 0x00000203779d0240
}

Java Threads: ( => current thread )
  0x000002037292a760 JavaThread "Reference Handler" daemon [_thread_blocked, id=10020, stack(0x00000044c0300000,0x00000044c0400000)]
  0x000002037292b100 JavaThread "Finalizer" daemon [_thread_blocked, id=15208, stack(0x00000044c0400000,0x00000044c0500000)]
  0x0000020372948160 JavaThread "Signal Dispatcher" daemon [_thread_blocked, id=25712, stack(0x00000044c0500000,0x00000044c0600000)]
  0x0000020372948a10 JavaThread "Attach Listener" daemon [_thread_blocked, id=13656, stack(0x00000044c0600000,0x00000044c0700000)]
  0x00000203729492c0 JavaThread "Service Thread" daemon [_thread_blocked, id=8536, stack(0x00000044c0700000,0x00000044c0800000)]
  0x0000020372949c60 JavaThread "Monitor Deflation Thread" daemon [_thread_blocked, id=34392, stack(0x00000044c0800000,0x00000044c0900000)]
  0x0000020372954950 JavaThread "C2 CompilerThread0" daemon [_thread_in_native, id=23652, stack(0x00000044c0900000,0x00000044c0a00000)]
  0x0000020372959750 JavaThread "C1 CompilerThread0" daemon [_thread_blocked, id=6308, stack(0x00000044c0a00000,0x00000044c0b00000)]
  0x000002037295a040 JavaThread "Sweeper thread" daemon [_thread_blocked, id=24568, stack(0x00000044c0b00000,0x00000044c0c00000)]
  0x0000020376c76cc0 JavaThread "Common-Cleaner" daemon [_thread_blocked, id=19448, stack(0x00000044c0c00000,0x00000044c0d00000)]
  0x0000020376de74b0 JavaThread "Monitor Ctrl-Break" daemon [_thread_in_native, id=14724, stack(0x00000044c0d00000,0x00000044c0e00000)]
  0x0000020376de7970 JavaThread "Notification Thread" daemon [_thread_blocked, id=24624, stack(0x00000044c0e00000,0x00000044c0f00000)]
  0x0000020376f26d80 JavaThread "Java2D Disposer" daemon [_thread_blocked, id=1456, stack(0x00000044c1000000,0x00000044c1100000)]
  0x0000020376ffc6a0 JavaThread "AWT-Shutdown" [_thread_blocked, id=26204, stack(0x00000044c1100000,0x00000044c1200000)]
  0x0000020376ffdff0 JavaThread "AWT-Windows" daemon [_thread_in_native, id=19804, stack(0x00000044c1200000,0x00000044c1300000)]
  0x00000203779d3260 JavaThread "Image Fetcher 0" daemon [_thread_blocked, id=12836, stack(0x00000044c1a00000,0x00000044c1b00000)]
  0x00000203779d23f0 JavaThread "AWT-EventQueue-0" [_thread_blocked, id=21700, stack(0x00000044c1b00000,0x00000044c1c00000)]
  0x00000203779d1f20 JavaThread "Image Fetcher 1" daemon [_thread_blocked, id=29052, stack(0x00000044c1c00000,0x00000044c1d00000)]
=>0x000002037e850b20 JavaThread "C2 CompilerThread1" daemon [_thread_in_native, id=19592, stack(0x00000044c1d00000,0x00000044c1e00000)]
  0x00000203779d28c0 JavaThread "D3D Screen Updater" daemon [_thread_blocked, id=1992, stack(0x00000044c1e00000,0x00000044c1f00000)]
  0x00000203779d0710 JavaThread "Java Sound Event Dispatcher" daemon [_thread_blocked, id=23916, stack(0x00000044c2100000,0x00000044c2200000)]
  0x00000203779d2d90 JavaThread "Direct Clip" daemon [_thread_blocked, id=34292, stack(0x00000044c2500000,0x00000044c2600000)]
  0x00000203779d1a50 JavaThread "Thread-0" [_thread_in_vm, id=8808, stack(0x00000044c2600000,0x00000044c2700000)]
  0x00000203779d0240 JavaThread "DestroyJavaVM" [_thread_blocked, id=31304, stack(0x00000044bfc00000,0x00000044bfd00000)]

Other Threads:
  0x000002035003dbc0 VMThread "VM Thread" [stack: 0x00000044c0200000,0x00000044c0300000] [id=33548]
  0x000002034ffb40b0 WatcherThread "VM Periodic Task Thread" [stack: 0x00000044c0f00000,0x00000044c1000000] [id=29308]
  0x0000020350025280 WorkerThread "GC Thread#0" [stack: 0x00000044bfd00000,0x00000044bfe00000] [id=11400]
  0x00000203779f48f0 WorkerThread "GC Thread#1" [stack: 0x00000044c1500000,0x00000044c1600000] [id=15340]
  0x00000203779f4b90 WorkerThread "GC Thread#2" [stack: 0x00000044c1600000,0x00000044c1700000] [id=31924]
  0x00000203779f4e30 WorkerThread "GC Thread#3" [stack: 0x00000044c1700000,0x00000044c1800000] [id=20960]
  0x00000203779f50d0 WorkerThread "GC Thread#4" [stack: 0x00000044c1800000,0x00000044c1900000] [id=19380]
  0x0000020377a1e1f0 WorkerThread "GC Thread#5" [stack: 0x00000044c1900000,0x00000044c1a00000] [id=6384]
  0x0000020350036210 ConcurrentGCThread "G1 Main Marker" [stack: 0x00000044bfe00000,0x00000044bff00000] [id=18560]
  0x00000203500373a0 WorkerThread "G1 Conc#0" [stack: 0x00000044bff00000,0x00000044c0000000] [id=2180]
  0x000002035007ea00 ConcurrentGCThread "G1 Refine#0" [stack: 0x00000044c0000000,0x00000044c0100000] [id=2176]
  0x00000203727e58a0 ConcurrentGCThread "G1 Service" [stack: 0x00000044c0100000,0x00000044c0200000] [id=8224]

Threads with active compile tasks:
C2 CompilerThread0      869 1176   !   4       sun.java2d.pipe.DrawImage::renderImageCopy (128 bytes)
C1 CompilerThread0      869 1197       2       java.nio.Buffer::nextGetIndex (30 bytes)
C2 CompilerThread1      869 1175       4       sun.java2d.SunGraphics2D::drawImage (11 bytes)

VM state: not at safepoint (normal execution)

VM Mutex/Monitor currently owned by a thread: None

Heap address: 0x0000000701000000, size: 4080 MB, Compressed Oops mode: Zero based, Oop shift amount: 3

CDS archive(s) mapped at: [0x0000000800000000-0x0000000800ba0000-0x0000000800ba0000), size 12189696, SharedBaseAddress: 0x0000000800000000, ArchiveRelocationMode: 0.
Compressed class space mapped at: 0x0000000800c00000-0x0000000840c00000, reserved size: 1073741824
Narrow klass base: 0x0000000800000000, Narrow klass shift: 0, Narrow klass range: 0x100000000

GC Precious Log:
 CardTable entry size: 512
 Card Set container configuration: InlinePtr #cards 4 size 8 Array Of Cards #cards 16 size 48 Howl #buckets 8 coarsen threshold 3686 Howl Bitmap #cards 512 size 80 coarsen threshold 460 Card regions per heap region 1 cards per card region 4096
 CPUs: 6 total, 6 available
 Memory: 16317M
 Large Page Support: Disabled
 NUMA Support: Disabled
 Compressed Oops: Enabled (Zero based)
 Heap Region Size: 2M
 Heap Min Capacity: 8M
 Heap Initial Capacity: 256M
 Heap Max Capacity: 4080M
 Pre-touch: Disabled
 Parallel Workers: 6
 Concurrent Workers: 2
 Concurrent Refinement Workers: 6
 Periodic GC: Disabled

Heap:
 garbage-first heap   total 262144K, used 65216K [0x0000000701000000, 0x0000000800000000)
  region size 2048K, 7 young (14336K), 2 survivors (4096K)
 Metaspace       used 9170K, committed 9408K, reserved 1114112K
  class space    used 994K, committed 1152K, reserved 1048576K

Heap Regions: E=young(eden), S=young(survivor), O=old, HS=humongous(starts), HC=humongous(continues), CS=collection set, F=free, OA=open archive, CA=closed archive, TAMS=top-at-mark-start (previous, next)
|   0|0x0000000701000000, 0x0000000701200000, 0x0000000701200000|100%|HS|  |TAMS 0x0000000701000000, 0x0000000701000000| Complete 
|   1|0x0000000701200000, 0x0000000701400000, 0x0000000701400000|100%|HS|  |TAMS 0x0000000701200000, 0x0000000701200000| Complete 
|   2|0x0000000701400000, 0x0000000701600000, 0x0000000701600000|100%| O|  |TAMS 0x0000000701400000, 0x0000000701400000| Untracked 
|   3|0x0000000701600000, 0x0000000701800000, 0x0000000701800000|100%| O|  |TAMS 0x0000000701600000, 0x0000000701600000| Untracked 
|   4|0x0000000701800000, 0x0000000701a00000, 0x0000000701a00000|100%| O|  |TAMS 0x0000000701800000, 0x0000000701800000| Untracked 
|   5|0x0000000701a00000, 0x0000000701c00000, 0x0000000701c00000|100%| O|  |TAMS 0x0000000701a00000, 0x0000000701a00000| Untracked 
|   6|0x0000000701c00000, 0x0000000701db0200, 0x0000000701e00000| 84%| O|  |TAMS 0x0000000701c00000, 0x0000000701c00000| Untracked 
|   7|0x0000000701e00000, 0x0000000702000000, 0x0000000702000000|100%|HS|  |TAMS 0x0000000701e00000, 0x0000000701e00000| Complete 
|   8|0x0000000702000000, 0x0000000702200000, 0x0000000702200000|100%|HS|  |TAMS 0x0000000702000000, 0x0000000702000000| Complete 
|   9|0x0000000702200000, 0x0000000702400000, 0x0000000702400000|100%|HC|  |TAMS 0x0000000702200000, 0x0000000702200000| Complete 
|  10|0x0000000702400000, 0x0000000702600000, 0x0000000702600000|100%|HC|  |TAMS 0x0000000702400000, 0x0000000702400000| Complete 
|  11|0x0000000702600000, 0x0000000702800000, 0x0000000702800000|100%|HC|  |TAMS 0x0000000702600000, 0x0000000702600000| Complete 
|  12|0x0000000702800000, 0x0000000702a00000, 0x0000000702a00000|100%|HC|  |TAMS 0x0000000702800000, 0x0000000702800000| Complete 
|  13|0x0000000702a00000, 0x0000000702c00000, 0x0000000702c00000|100%|HC|  |TAMS 0x0000000702a00000, 0x0000000702a00000| Complete 
|  14|0x0000000702c00000, 0x0000000702e00000, 0x0000000702e00000|100%|HC|  |TAMS 0x0000000702c00000, 0x0000000702c00000| Complete 
|  15|0x0000000702e00000, 0x0000000703000000, 0x0000000703000000|100%|HC|  |TAMS 0x0000000702e00000, 0x0000000702e00000| Complete 
|  16|0x0000000703000000, 0x0000000703200000, 0x0000000703200000|100%|HC|  |TAMS 0x0000000703000000, 0x0000000703000000| Complete 
|  17|0x0000000703200000, 0x0000000703400000, 0x0000000703400000|100%|HC|  |TAMS 0x0000000703200000, 0x0000000703200000| Complete 
|  18|0x0000000703400000, 0x0000000703600000, 0x0000000703600000|100%|HC|  |TAMS 0x0000000703400000, 0x0000000703400000| Complete 
|  19|0x0000000703600000, 0x0000000703800000, 0x0000000703800000|100%|HC|  |TAMS 0x0000000703600000, 0x0000000703600000| Complete 
|  20|0x0000000703800000, 0x0000000703a00000, 0x0000000703a00000|100%|HC|  |TAMS 0x0000000703800000, 0x0000000703800000| Complete 
|  21|0x0000000703a00000, 0x0000000703c00000, 0x0000000703c00000|100%|HC|  |TAMS 0x0000000703a00000, 0x0000000703a00000| Complete 
|  22|0x0000000703c00000, 0x0000000703e00000, 0x0000000703e00000|100%|HC|  |TAMS 0x0000000703c00000, 0x0000000703c00000| Complete 
|  23|0x0000000703e00000, 0x0000000704000000, 0x0000000704000000|100%|HC|  |TAMS 0x0000000703e00000, 0x0000000703e00000| Complete 
|  24|0x0000000704000000, 0x0000000704200000, 0x0000000704200000|100%|HC|  |TAMS 0x0000000704000000, 0x0000000704000000| Complete 
|  25|0x0000000704200000, 0x0000000704400000, 0x0000000704400000|100%|HC|  |TAMS 0x0000000704200000, 0x0000000704200000| Complete 
|  26|0x0000000704400000, 0x0000000704400000, 0x0000000704600000|  0%| F|  |TAMS 0x0000000704400000, 0x0000000704400000| Untracked 
|  27|0x0000000704600000, 0x0000000704600000, 0x0000000704800000|  0%| F|  |TAMS 0x0000000704600000, 0x0000000704600000| Untracked 
|  28|0x0000000704800000, 0x0000000704800000, 0x0000000704a00000|  0%| F|  |TAMS 0x0000000704800000, 0x0000000704800000| Untracked 
|  29|0x0000000704a00000, 0x0000000704a00000, 0x0000000704c00000|  0%| F|  |TAMS 0x0000000704a00000, 0x0000000704a00000| Untracked 
|  30|0x0000000704c00000, 0x0000000704c00000, 0x0000000704e00000|  0%| F|  |TAMS 0x0000000704c00000, 0x0000000704c00000| Untracked 
|  31|0x0000000704e00000, 0x0000000704e00000, 0x0000000705000000|  0%| F|  |TAMS 0x0000000704e00000, 0x0000000704e00000| Untracked 
|  32|0x0000000705000000, 0x0000000705000000, 0x0000000705200000|  0%| F|  |TAMS 0x0000000705000000, 0x0000000705000000| Untracked 
|  33|0x0000000705200000, 0x0000000705200000, 0x0000000705400000|  0%| F|  |TAMS 0x0000000705200000, 0x0000000705200000| Untracked 
|  34|0x0000000705400000, 0x0000000705400000, 0x0000000705600000|  0%| F|  |TAMS 0x0000000705400000, 0x0000000705400000| Untracked 
|  35|0x0000000705600000, 0x0000000705600000, 0x0000000705800000|  0%| F|  |TAMS 0x0000000705600000, 0x0000000705600000| Untracked 
|  36|0x0000000705800000, 0x0000000705800000, 0x0000000705a00000|  0%| F|  |TAMS 0x0000000705800000, 0x0000000705800000| Untracked 
|  37|0x0000000705a00000, 0x0000000705a00000, 0x0000000705c00000|  0%| F|  |TAMS 0x0000000705a00000, 0x0000000705a00000| Untracked 
|  38|0x0000000705c00000, 0x0000000705c00000, 0x0000000705e00000|  0%| F|  |TAMS 0x0000000705c00000, 0x0000000705c00000| Untracked 
|  39|0x0000000705e00000, 0x0000000705e00000, 0x0000000706000000|  0%| F|  |TAMS 0x0000000705e00000, 0x0000000705e00000| Untracked 
|  40|0x0000000706000000, 0x0000000706000000, 0x0000000706200000|  0%| F|  |TAMS 0x0000000706000000, 0x0000000706000000| Untracked 
|  41|0x0000000706200000, 0x0000000706200000, 0x0000000706400000|  0%| F|  |TAMS 0x0000000706200000, 0x0000000706200000| Untracked 
|  42|0x0000000706400000, 0x0000000706400000, 0x0000000706600000|  0%| F|  |TAMS 0x0000000706400000, 0x0000000706400000| Untracked 
|  43|0x0000000706600000, 0x0000000706600000, 0x0000000706800000|  0%| F|  |TAMS 0x0000000706600000, 0x0000000706600000| Untracked 
|  44|0x0000000706800000, 0x0000000706800000, 0x0000000706a00000|  0%| F|  |TAMS 0x0000000706800000, 0x0000000706800000| Untracked 
|  45|0x0000000706a00000, 0x0000000706a00000, 0x0000000706c00000|  0%| F|  |TAMS 0x0000000706a00000, 0x0000000706a00000| Untracked 
|  46|0x0000000706c00000, 0x0000000706c00000, 0x0000000706e00000|  0%| F|  |TAMS 0x0000000706c00000, 0x0000000706c00000| Untracked 
|  47|0x0000000706e00000, 0x0000000706e00000, 0x0000000707000000|  0%| F|  |TAMS 0x0000000706e00000, 0x0000000706e00000| Untracked 
|  48|0x0000000707000000, 0x0000000707000000, 0x0000000707200000|  0%| F|  |TAMS 0x0000000707000000, 0x0000000707000000| Untracked 
|  49|0x0000000707200000, 0x0000000707200000, 0x0000000707400000|  0%| F|  |TAMS 0x0000000707200000, 0x0000000707200000| Untracked 
|  50|0x0000000707400000, 0x0000000707400000, 0x0000000707600000|  0%| F|  |TAMS 0x0000000707400000, 0x0000000707400000| Untracked 
|  51|0x0000000707600000, 0x0000000707600000, 0x0000000707800000|  0%| F|  |TAMS 0x0000000707600000, 0x0000000707600000| Untracked 
|  52|0x0000000707800000, 0x0000000707800000, 0x0000000707a00000|  0%| F|  |TAMS 0x0000000707800000, 0x0000000707800000| Untracked 
|  53|0x0000000707a00000, 0x0000000707a00000, 0x0000000707c00000|  0%| F|  |TAMS 0x0000000707a00000, 0x0000000707a00000| Untracked 
|  54|0x0000000707c00000, 0x0000000707c00000, 0x0000000707e00000|  0%| F|  |TAMS 0x0000000707c00000, 0x0000000707c00000| Untracked 
|  55|0x0000000707e00000, 0x0000000707e00000, 0x0000000708000000|  0%| F|  |TAMS 0x0000000707e00000, 0x0000000707e00000| Untracked 
|  56|0x0000000708000000, 0x0000000708000000, 0x0000000708200000|  0%| F|  |TAMS 0x0000000708000000, 0x0000000708000000| Untracked 
|  57|0x0000000708200000, 0x0000000708200000, 0x0000000708400000|  0%| F|  |TAMS 0x0000000708200000, 0x0000000708200000| Untracked 
|  58|0x0000000708400000, 0x0000000708400000, 0x0000000708600000|  0%| F|  |TAMS 0x0000000708400000, 0x0000000708400000| Untracked 
|  59|0x0000000708600000, 0x0000000708600000, 0x0000000708800000|  0%| F|  |TAMS 0x0000000708600000, 0x0000000708600000| Untracked 
|  60|0x0000000708800000, 0x0000000708800000, 0x0000000708a00000|  0%| F|  |TAMS 0x0000000708800000, 0x0000000708800000| Untracked 
|  61|0x0000000708a00000, 0x0000000708a00000, 0x0000000708c00000|  0%| F|  |TAMS 0x0000000708a00000, 0x0000000708a00000| Untracked 
|  62|0x0000000708c00000, 0x0000000708c00000, 0x0000000708e00000|  0%| F|  |TAMS 0x0000000708c00000, 0x0000000708c00000| Untracked 
|  63|0x0000000708e00000, 0x0000000708e00000, 0x0000000709000000|  0%| F|  |TAMS 0x0000000708e00000, 0x0000000708e00000| Untracked 
|  64|0x0000000709000000, 0x0000000709000000, 0x0000000709200000|  0%| F|  |TAMS 0x0000000709000000, 0x0000000709000000| Untracked 
|  65|0x0000000709200000, 0x0000000709200000, 0x0000000709400000|  0%| F|  |TAMS 0x0000000709200000, 0x0000000709200000| Untracked 
|  66|0x0000000709400000, 0x0000000709400000, 0x0000000709600000|  0%| F|  |TAMS 0x0000000709400000, 0x0000000709400000| Untracked 
|  67|0x0000000709600000, 0x0000000709600000, 0x0000000709800000|  0%| F|  |TAMS 0x0000000709600000, 0x0000000709600000| Untracked 
|  68|0x0000000709800000, 0x0000000709800000, 0x0000000709a00000|  0%| F|  |TAMS 0x0000000709800000, 0x0000000709800000| Untracked 
|  69|0x0000000709a00000, 0x0000000709a00000, 0x0000000709c00000|  0%| F|  |TAMS 0x0000000709a00000, 0x0000000709a00000| Untracked 
|  70|0x0000000709c00000, 0x0000000709c00000, 0x0000000709e00000|  0%| F|  |TAMS 0x0000000709c00000, 0x0000000709c00000| Untracked 
|  71|0x0000000709e00000, 0x0000000709e00000, 0x000000070a000000|  0%| F|  |TAMS 0x0000000709e00000, 0x0000000709e00000| Untracked 
|  72|0x000000070a000000, 0x000000070a000000, 0x000000070a200000|  0%| F|  |TAMS 0x000000070a000000, 0x000000070a000000| Untracked 
|  73|0x000000070a200000, 0x000000070a200000, 0x000000070a400000|  0%| F|  |TAMS 0x000000070a200000, 0x000000070a200000| Untracked 
|  74|0x000000070a400000, 0x000000070a400000, 0x000000070a600000|  0%| F|  |TAMS 0x000000070a400000, 0x000000070a400000| Untracked 
|  75|0x000000070a600000, 0x000000070a600000, 0x000000070a800000|  0%| F|  |TAMS 0x000000070a600000, 0x000000070a600000| Untracked 
|  76|0x000000070a800000, 0x000000070a800000, 0x000000070aa00000|  0%| F|  |TAMS 0x000000070a800000, 0x000000070a800000| Untracked 
|  77|0x000000070aa00000, 0x000000070aa00000, 0x000000070ac00000|  0%| F|  |TAMS 0x000000070aa00000, 0x000000070aa00000| Untracked 
|  78|0x000000070ac00000, 0x000000070ac00000, 0x000000070ae00000|  0%| F|  |TAMS 0x000000070ac00000, 0x000000070ac00000| Untracked 
|  79|0x000000070ae00000, 0x000000070ae00000, 0x000000070b000000|  0%| F|  |TAMS 0x000000070ae00000, 0x000000070ae00000| Untracked 
|  80|0x000000070b000000, 0x000000070b000000, 0x000000070b200000|  0%| F|  |TAMS 0x000000070b000000, 0x000000070b000000| Untracked 
|  81|0x000000070b200000, 0x000000070b200000, 0x000000070b400000|  0%| F|  |TAMS 0x000000070b200000, 0x000000070b200000| Untracked 
|  82|0x000000070b400000, 0x000000070b400000, 0x000000070b600000|  0%| F|  |TAMS 0x000000070b400000, 0x000000070b400000| Untracked 
|  83|0x000000070b600000, 0x000000070b600000, 0x000000070b800000|  0%| F|  |TAMS 0x000000070b600000, 0x000000070b600000| Untracked 
|  84|0x000000070b800000, 0x000000070b800000, 0x000000070ba00000|  0%| F|  |TAMS 0x000000070b800000, 0x000000070b800000| Untracked 
|  85|0x000000070ba00000, 0x000000070ba00000, 0x000000070bc00000|  0%| F|  |TAMS 0x000000070ba00000, 0x000000070ba00000| Untracked 
|  86|0x000000070bc00000, 0x000000070bc00000, 0x000000070be00000|  0%| F|  |TAMS 0x000000070bc00000, 0x000000070bc00000| Untracked 
|  87|0x000000070be00000, 0x000000070be00000, 0x000000070c000000|  0%| F|  |TAMS 0x000000070be00000, 0x000000070be00000| Untracked 
|  88|0x000000070c000000, 0x000000070c000000, 0x000000070c200000|  0%| F|  |TAMS 0x000000070c000000, 0x000000070c000000| Untracked 
|  89|0x000000070c200000, 0x000000070c200000, 0x000000070c400000|  0%| F|  |TAMS 0x000000070c200000, 0x000000070c200000| Untracked 
|  90|0x000000070c400000, 0x000000070c400000, 0x000000070c600000|  0%| F|  |TAMS 0x000000070c400000, 0x000000070c400000| Untracked 
|  91|0x000000070c600000, 0x000000070c600000, 0x000000070c800000|  0%| F|  |TAMS 0x000000070c600000, 0x000000070c600000| Untracked 
|  92|0x000000070c800000, 0x000000070c800000, 0x000000070ca00000|  0%| F|  |TAMS 0x000000070c800000, 0x000000070c800000| Untracked 
|  93|0x000000070ca00000, 0x000000070ca00000, 0x000000070cc00000|  0%| F|  |TAMS 0x000000070ca00000, 0x000000070ca00000| Untracked 
|  94|0x000000070cc00000, 0x000000070cc00000, 0x000000070ce00000|  0%| F|  |TAMS 0x000000070cc00000, 0x000000070cc00000| Untracked 
|  95|0x000000070ce00000, 0x000000070ce00000, 0x000000070d000000|  0%| F|  |TAMS 0x000000070ce00000, 0x000000070ce00000| Untracked 
|  96|0x000000070d000000, 0x000000070d000000, 0x000000070d200000|  0%| F|  |TAMS 0x000000070d000000, 0x000000070d000000| Untracked 
|  97|0x000000070d200000, 0x000000070d200000, 0x000000070d400000|  0%| F|  |TAMS 0x000000070d200000, 0x000000070d200000| Untracked 
|  98|0x000000070d400000, 0x000000070d400000, 0x000000070d600000|  0%| F|  |TAMS 0x000000070d400000, 0x000000070d400000| Untracked 
|  99|0x000000070d600000, 0x000000070d600000, 0x000000070d800000|  0%| F|  |TAMS 0x000000070d600000, 0x000000070d600000| Untracked 
| 100|0x000000070d800000, 0x000000070d800000, 0x000000070da00000|  0%| F|  |TAMS 0x000000070d800000, 0x000000070d800000| Untracked 
| 101|0x000000070da00000, 0x000000070da00000, 0x000000070dc00000|  0%| F|  |TAMS 0x000000070da00000, 0x000000070da00000| Untracked 
| 102|0x000000070dc00000, 0x000000070dc00000, 0x000000070de00000|  0%| F|  |TAMS 0x000000070dc00000, 0x000000070dc00000| Untracked 
| 103|0x000000070de00000, 0x000000070de00000, 0x000000070e000000|  0%| F|  |TAMS 0x000000070de00000, 0x000000070de00000| Untracked 
| 104|0x000000070e000000, 0x000000070e000000, 0x000000070e200000|  0%| F|  |TAMS 0x000000070e000000, 0x000000070e000000| Untracked 
| 105|0x000000070e200000, 0x000000070e200000, 0x000000070e400000|  0%| F|  |TAMS 0x000000070e200000, 0x000000070e200000| Untracked 
| 106|0x000000070e400000, 0x000000070e400000, 0x000000070e600000|  0%| F|  |TAMS 0x000000070e400000, 0x000000070e400000| Untracked 
| 107|0x000000070e600000, 0x000000070e600000, 0x000000070e800000|  0%| F|  |TAMS 0x000000070e600000, 0x000000070e600000| Untracked 
| 108|0x000000070e800000, 0x000000070e800000, 0x000000070ea00000|  0%| F|  |TAMS 0x000000070e800000, 0x000000070e800000| Untracked 
| 109|0x000000070ea00000, 0x000000070ea00000, 0x000000070ec00000|  0%| F|  |TAMS 0x000000070ea00000, 0x000000070ea00000| Untracked 
| 110|0x000000070ec00000, 0x000000070ec00000, 0x000000070ee00000|  0%| F|  |TAMS 0x000000070ec00000, 0x000000070ec00000| Untracked 
| 111|0x000000070ee00000, 0x000000070ee00000, 0x000000070f000000|  0%| F|  |TAMS 0x000000070ee00000, 0x000000070ee00000| Untracked 
| 112|0x000000070f000000, 0x000000070f000000, 0x000000070f200000|  0%| F|  |TAMS 0x000000070f000000, 0x000000070f000000| Untracked 
| 113|0x000000070f200000, 0x000000070f200000, 0x000000070f400000|  0%| F|  |TAMS 0x000000070f200000, 0x000000070f200000| Untracked 
| 114|0x000000070f400000, 0x000000070f400000, 0x000000070f600000|  0%| F|  |TAMS 0x000000070f400000, 0x000000070f400000| Untracked 
| 115|0x000000070f600000, 0x000000070f600000, 0x000000070f800000|  0%| F|  |TAMS 0x000000070f600000, 0x000000070f600000| Untracked 
| 116|0x000000070f800000, 0x000000070fa00000, 0x000000070fa00000|100%| S|CS|TAMS 0x000000070f800000, 0x000000070f800000| Complete 
| 117|0x000000070fa00000, 0x000000070fc00000, 0x000000070fc00000|100%| S|CS|TAMS 0x000000070fa00000, 0x000000070fa00000| Complete 
| 118|0x000000070fc00000, 0x000000070fc00000, 0x000000070fe00000|  0%| F|  |TAMS 0x000000070fc00000, 0x000000070fc00000| Untracked 
| 119|0x000000070fe00000, 0x000000070fe00000, 0x0000000710000000|  0%| F|  |TAMS 0x000000070fe00000, 0x000000070fe00000| Untracked 
| 120|0x0000000710000000, 0x0000000710000000, 0x0000000710200000|  0%| F|  |TAMS 0x0000000710000000, 0x0000000710000000| Untracked 
| 121|0x0000000710200000, 0x0000000710200000, 0x0000000710400000|  0%| F|  |TAMS 0x0000000710200000, 0x0000000710200000| Untracked 
| 122|0x0000000710400000, 0x0000000710400000, 0x0000000710600000|  0%| F|  |TAMS 0x0000000710400000, 0x0000000710400000| Untracked 
| 123|0x0000000710600000, 0x00000007107203c8, 0x0000000710800000| 56%| E|  |TAMS 0x0000000710600000, 0x0000000710600000| Complete 
| 124|0x0000000710800000, 0x0000000710a00000, 0x0000000710a00000|100%| E|CS|TAMS 0x0000000710800000, 0x0000000710800000| Complete 
| 125|0x0000000710a00000, 0x0000000710c00000, 0x0000000710c00000|100%| E|CS|TAMS 0x0000000710a00000, 0x0000000710a00000| Complete 
| 126|0x0000000710c00000, 0x0000000710e00000, 0x0000000710e00000|100%| E|CS|TAMS 0x0000000710c00000, 0x0000000710c00000| Complete 
| 127|0x0000000710e00000, 0x0000000711000000, 0x0000000711000000|100%| E|CS|TAMS 0x0000000710e00000, 0x0000000710e00000| Complete 

Card table byte_map: [0x0000020367200000,0x0000020367a00000] _byte_map_base: 0x00000203639f8000

Marking Bits (Prev, Next): (CMBitMap*) 0x0000020350025880, (CMBitMap*) 0x00000203500258c0
 Prev Bits: [0x0000020368200000, 0x000002036c1c0000)
 Next Bits: [0x000002036c1c0000, 0x0000020370180000)

Polling page: 0x000002034de80000

Metaspace:

Usage:
  Non-class:      8.00 MB used.
      Class:    995.56 KB used.
       Both:      8.97 MB used.

Virtual space:
  Non-class space:       64.00 MB reserved,       8.06 MB ( 13%) committed,  1 nodes.
      Class space:        1.00 GB reserved,       1.12 MB ( <1%) committed,  1 nodes.
             Both:        1.06 GB reserved,       9.19 MB ( <1%) committed. 

Chunk freelists:
   Non-Class:  3.00 MB
       Class:  2.73 MB
        Both:  5.73 MB

MaxMetaspaceSize: unlimited
CompressedClassSpaceSize: 1.00 GB
Initial GC threshold: 21.00 MB
Current GC threshold: 21.00 MB
CDS: on
MetaspaceReclaimPolicy: balanced
 - commit_granule_bytes: 65536.
 - commit_granule_words: 8192.
 - virtual_space_node_default_size: 8388608.
 - enlarge_chunks_in_place: 1.
 - new_chunks_are_fully_committed: 0.
 - uncommit_free_chunks: 1.
 - use_allocation_guard: 0.


Internal statistics:

num_allocs_failed_limit: 0.
num_arena_births: 168.
num_arena_deaths: 0.
num_vsnodes_births: 2.
num_vsnodes_deaths: 0.
num_space_committed: 147.
num_space_uncommitted: 0.
num_chunks_returned_to_freelist: 0.
num_chunks_taken_from_freelist: 240.
num_chunk_merges: 0.
num_chunk_splits: 145.
num_chunks_enlarged: 81.
num_inconsistent_stats: 0.

CodeHeap 'non-profiled nmethods': size=120000Kb used=458Kb max_used=458Kb free=119541Kb
 bounds [0x000002035f3c0000, 0x000002035f630000, 0x00000203668f0000]
CodeHeap 'profiled nmethods': size=120000Kb used=1932Kb max_used=1932Kb free=118067Kb
 bounds [0x0000020357e90000, 0x0000020358100000, 0x000002035f3c0000]
CodeHeap 'non-nmethods': size=5760Kb used=1299Kb max_used=1352Kb free=4461Kb
 bounds [0x00000203578f0000, 0x0000020357b60000, 0x0000020357e90000]
 total_blobs=1832 nmethods=1214 adapters=531
 compilation: enabled
              stopped_count=0, restarted_count=0
 full_count=0

Compilation events (20 events):
Event: 0.839 Thread 0x0000020372959750 1166       3       sun.java2d.pipe.RenderQueue::ensureCapacityAndAlignment (13 bytes)
Event: 0.839 Thread 0x0000020372959750 nmethod 1166 0x0000020358062690 code [0x0000020358062860, 0x0000020358062c98]
Event: 0.839 Thread 0x0000020372959750 1153       3       sun.java2d.pipe.BufferedContext::validateContext (26 bytes)
Event: 0.839 Thread 0x0000020372959750 nmethod 1153 0x0000020358062f10 code [0x00000203580630c0, 0x0000020358063318]
Event: 0.839 Thread 0x0000020372959750 1156       3       sun.java2d.loops.Blit::getFromCache (93 bytes)
Event: 0.840 Thread 0x0000020372959750 nmethod 1156 0x0000020358063490 code [0x0000020358063700, 0x0000020358063ed8]
Event: 0.840 Thread 0x0000020372959750 1171       3       sun.java2d.d3d.D3DSurfaceData::getContext (5 bytes)
Event: 0.840 Thread 0x0000020372959750 nmethod 1171 0x0000020358064210 code [0x00000203580643a0, 0x0000020358064538]
Event: 0.840 Thread 0x0000020372959750 1111       1       sun.java2d.d3d.D3DSurfaceData::getType (5 bytes)
Event: 0.840 Thread 0x0000020372959750 nmethod 1111 0x000002035f42cf90 code [0x000002035f42d120, 0x000002035f42d1f8]
Event: 0.840 Thread 0x0000020372959750 1154       3       sun.java2d.d3d.D3DBlitLoops::createPackedParams (60 bytes)
Event: 0.840 Thread 0x0000020372959750 nmethod 1154 0x0000020358064610 code [0x00000203580647a0, 0x0000020358064a18]
Event: 0.840 Thread 0x0000020372959750 1155       3       sun.java2d.d3d.D3DBlitLoops::enqueueBlit (102 bytes)
Event: 0.840 Thread 0x0000020372959750 nmethod 1155 0x0000020358064a90 code [0x0000020358064d40, 0x0000020358065698]
Event: 0.841 Thread 0x0000020372959750 1172   !   3       sun.java2d.d3d.D3DBlitLoops::IsoBlit (202 bytes)
Event: 0.842 Thread 0x0000020372959750 nmethod 1172 0x0000020358065d10 code [0x0000020358066100, 0x0000020358068118]
Event: 0.842 Thread 0x0000020372959750 1173       3       sun.java2d.d3d.D3DTextureToSurfaceBlit::Blit (46 bytes)
Event: 0.842 Thread 0x0000020372959750 nmethod 1173 0x0000020358069090 code [0x0000020358069240, 0x0000020358069428]
Event: 0.842 Thread 0x0000020372959750 1107       1       sun.java2d.d3d.D3DGraphicsDevice::getContext (5 bytes)
Event: 0.842 Thread 0x0000020372959750 nmethod 1107 0x000002035f42d290 code [0x000002035f42d420, 0x000002035f42d4f8]

GC Heap History (2 events):
Event: 0.553 GC heap before
{Heap before GC invocations=0 (full 0):
 garbage-first heap   total 262144K, used 22528K [0x0000000701000000, 0x0000000800000000)
  region size 2048K, 10 young (20480K), 0 survivors (0K)
 Metaspace       used 5863K, committed 6080K, reserved 1114112K
  class space    used 582K, committed 704K, reserved 1048576K
}
Event: 0.556 GC heap after
{Heap after GC invocations=1 (full 0):
 garbage-first heap   total 262144K, used 18112K [0x0000000701000000, 0x0000000800000000)
  region size 2048K, 2 young (4096K), 2 survivors (4096K)
 Metaspace       used 5863K, committed 6080K, reserved 1114112K
  class space    used 582K, committed 704K, reserved 1048576K
}

Deoptimization events (20 events):
Event: 0.358 Thread 0x000002034ffb3250 DEOPT PACKING pc=0x000002035f3f3778 sp=0x00000044bfcfe170
Event: 0.358 Thread 0x000002034ffb3250 DEOPT UNPACKING pc=0x00000203579423a3 sp=0x00000044bfcfe138 mode 2
Event: 0.358 Thread 0x000002034ffb3250 Uncommon trap: trap_request=0xffffff45 fr.pc=0x000002035f3f0f08 relative=0x0000000000000168
Event: 0.358 Thread 0x000002034ffb3250 Uncommon trap: reason=unstable_if action=reinterpret pc=0x000002035f3f0f08 method=java.io.BufferedInputStream.read1([BII)I @ 60 c2
Event: 0.358 Thread 0x000002034ffb3250 DEOPT PACKING pc=0x000002035f3f0f08 sp=0x00000044bfcfe0e0
Event: 0.358 Thread 0x000002034ffb3250 DEOPT UNPACKING pc=0x00000203579423a3 sp=0x00000044bfcfe0a0 mode 2
Event: 0.366 Thread 0x000002034ffb3250 DEOPT PACKING pc=0x0000020357eb6fd1 sp=0x00000044bfcfed90
Event: 0.366 Thread 0x000002034ffb3250 DEOPT UNPACKING pc=0x0000020357942b43 sp=0x00000044bfcfe208 mode 0
Event: 0.661 Thread 0x00000203779d3260 Uncommon trap: trap_request=0xffffff45 fr.pc=0x000002035f409ccc relative=0x0000000000002bcc
Event: 0.661 Thread 0x00000203779d3260 Uncommon trap: reason=unstable_if action=reinterpret pc=0x000002035f409ccc method=sun.awt.image.PNGImageDecoder.produceImage()V @ 1499 c2
Event: 0.661 Thread 0x00000203779d3260 DEOPT PACKING pc=0x000002035f409ccc sp=0x00000044c1aff200
Event: 0.662 Thread 0x00000203779d3260 DEOPT UNPACKING pc=0x00000203579423a3 sp=0x00000044c1aff198 mode 2
Event: 0.670 Thread 0x00000203779d1f20 DEOPT PACKING pc=0x0000020357fe62ab sp=0x00000044c1cfefd0
Event: 0.670 Thread 0x00000203779d1f20 DEOPT UNPACKING pc=0x0000020357942b43 sp=0x00000044c1cfe470 mode 0
Event: 0.802 Thread 0x00000203779d1a50 DEOPT PACKING pc=0x00000203580331bb sp=0x00000044c26ff060
Event: 0.802 Thread 0x00000203779d1a50 DEOPT UNPACKING pc=0x0000020357942b43 sp=0x00000044c26fe588 mode 0
Event: 0.838 Thread 0x00000203779d1a50 Uncommon trap: trap_request=0xffffff45 fr.pc=0x000002035f42bf94 relative=0x00000000000001f4
Event: 0.838 Thread 0x00000203779d1a50 Uncommon trap: reason=unstable_if action=reinterpret pc=0x000002035f42bf94 method=java.awt.Rectangle.intersection(Ljava/awt/Rectangle;)Ljava/awt/Rectangle; @ 103 c2
Event: 0.838 Thread 0x00000203779d1a50 DEOPT PACKING pc=0x000002035f42bf94 sp=0x00000044c26fe9c0
Event: 0.838 Thread 0x00000203779d1a50 DEOPT UNPACKING pc=0x00000203579423a3 sp=0x00000044c26fe920 mode 2

Classes loaded (20 events):
Event: 0.735 Loading class javax/sound/sampled/Control$Type done
Event: 0.735 Loading class javax/sound/sampled/FloatControl$Type done
Event: 0.735 Loading class com/sun/media/sound/DirectAudioDevice$DirectDL$Mute
Event: 0.735 Loading class javax/sound/sampled/BooleanControl
Event: 0.735 Loading class javax/sound/sampled/BooleanControl done
Event: 0.735 Loading class com/sun/media/sound/DirectAudioDevice$DirectDL$Mute done
Event: 0.735 Loading class javax/sound/sampled/BooleanControl$Type
Event: 0.735 Loading class javax/sound/sampled/BooleanControl$Type done
Event: 0.735 Loading class com/sun/media/sound/DirectAudioDevice$DirectDL$Balance
Event: 0.735 Loading class com/sun/media/sound/DirectAudioDevice$DirectDL$Balance done
Event: 0.735 Loading class com/sun/media/sound/DirectAudioDevice$DirectDL$Pan
Event: 0.735 Loading class com/sun/media/sound/DirectAudioDevice$DirectDL$Pan done
Event: 0.769 Loading class javax/sound/sampled/LineEvent
Event: 0.769 Loading class javax/sound/sampled/LineEvent done
Event: 0.769 Loading class javax/sound/sampled/LineEvent$Type
Event: 0.769 Loading class javax/sound/sampled/LineEvent$Type done
Event: 0.769 Loading class com/sun/media/sound/EventDispatcher
Event: 0.769 Loading class com/sun/media/sound/EventDispatcher done
Event: 0.794 Loading class java/lang/UnsupportedOperationException
Event: 0.794 Loading class java/lang/UnsupportedOperationException done

Classes unloaded (0 events):
No events

Classes redefined (0 events):
No events

Internal exceptions (20 events):
Event: 0.085 Thread 0x0000020376de74b0 Exception <a 'java/lang/NoSuchMethodError'{0x0000000710c6ef70}: 'void java.lang.invoke.DirectMethodHandle$Holder.invokeStatic(java.lang.Object, java.lang.Object)'> (0x0000000710c6ef70) 
thrown [s\open\src\hotspot\share\interpreter\linkResolver.cpp, line 766]
Event: 0.105 Thread 0x000002034ffb3250 Exception <a 'java/lang/ClassNotFoundException'{0x0000000710d2dd70}: sun/awt/resources/spi/awtProvider> (0x0000000710d2dd70) 
thrown [s\open\src\hotspot\share\classfile\systemDictionary.cpp, line 255]
Event: 0.113 Thread 0x000002034ffb3250 Exception <a 'java/io/FileNotFoundException'{0x0000000710d4bf48}> (0x0000000710d4bf48) 
thrown [s\open\src\hotspot\share\prims\jni.cpp, line 516]
Event: 0.117 Thread 0x000002034ffb3250 Exception <a 'java/io/FileNotFoundException'{0x0000000710d78cc0}> (0x0000000710d78cc0) 
thrown [s\open\src\hotspot\share\prims\jni.cpp, line 516]
Event: 0.138 Thread 0x000002034ffb3250 Exception <a 'java/lang/NoSuchMethodError'{0x0000000710df04c8}: 'java.lang.Object java.lang.invoke.DirectMethodHandle$Holder.invokeStaticInit(java.lang.Object, int, int, int, int)'> (0x0000000710df04c8) 
thrown [s\open\src\hotspot\share\interpreter\linkResolver.cpp, line 766]
Event: 0.216 Thread 0x000002034ffb3250 Exception <a 'java/lang/NoSuchMethodError'{0x0000000710a6b8c0}: 'java.lang.Object java.lang.invoke.DirectMethodHandle$Holder.invokeStaticInit(java.lang.Object, java.lang.Object, int, int, int, int)'> (0x0000000710a6b8c0) 
thrown [s\open\src\hotspot\share\interpreter\linkResolver.cpp, line 766]
Event: 0.221 Thread 0x000002034ffb3250 Exception <a 'java/lang/NoSuchMethodError'{0x0000000710a77f78}: 'java.lang.Object java.lang.invoke.DirectMethodHandle$Holder.invokeStaticInit(java.lang.Object)'> (0x0000000710a77f78) 
thrown [s\open\src\hotspot\share\interpreter\linkResolver.cpp, line 766]
Event: 0.529 Thread 0x000002034ffb3250 Exception <a 'java/lang/NoSuchMethodError'{0x000000070fcbd248}: 'void java.lang.invoke.DirectMethodHandle$Holder.invokeSpecial(java.lang.Object, java.lang.Object, java.lang.Object)'> (0x000000070fcbd248) 
thrown [s\open\src\hotspot\share\interpreter\linkResolver.cpp, line 766]
Event: 0.535 Thread 0x000002034ffb3250 Exception <a 'java/lang/NoSuchMethodError'{0x000000070fd4ea98}: 'java.lang.Object java.lang.invoke.DirectMethodHandle$Holder.newInvokeSpecial(java.lang.Object, java.lang.Object, java.lang.Object, java.lang.Object, java.lang.Object)'> (0x000000070fd4ea98) 
thrown [s\open\src\hotspot\share\interpreter\linkResolver.cpp, line 766]
Event: 0.540 Thread 0x000002034ffb3250 Exception <a 'java/lang/NoSuchMethodError'{0x000000070fd803a8}: 'java.lang.Object java.lang.invoke.DirectMethodHandle$Holder.invokeStatic(java.lang.Object, int, java.lang.Object)'> (0x000000070fd803a8) 
thrown [s\open\src\hotspot\share\interpreter\linkResolver.cpp, line 766]
Event: 0.564 Thread 0x000002034ffb3250 Exception <a 'java/lang/ClassNotFoundException'{0x0000000710e3d740}: com/sun/swing/internal/plaf/metal/resources/spi/metalProvider> (0x0000000710e3d740) 
thrown [s\open\src\hotspot\share\classfile\systemDictionary.cpp, line 255]
Event: 0.565 Thread 0x000002034ffb3250 Exception <a 'java/lang/ClassNotFoundException'{0x0000000710e416f8}: com/sun/swing/internal/plaf/basic/resources/spi/basicProvider> (0x0000000710e416f8) 
thrown [s\open\src\hotspot\share\classfile\systemDictionary.cpp, line 255]
Event: 0.570 Thread 0x000002034ffb3250 Exception <a 'java/lang/NoSuchMethodError'{0x0000000710e87598}: 'int java.lang.invoke.Invokers$Holder.invokeExact_MT(java.lang.Object, java.lang.Object)'> (0x0000000710e87598) 
thrown [s\open\src\hotspot\share\interpreter\linkResolver.cpp, line 766]
Event: 0.576 Thread 0x00000203779d3260 Exception <a 'java/lang/NoSuchMethodError'{0x0000000710ede478}: 'java.lang.Object java.lang.invoke.DirectMethodHandle$Holder.newInvokeSpecial(java.lang.Object, java.lang.Object, java.lang.Object, int, int, int, int, int)'> (0x0000000710ede478) 
thrown [s\open\src\hotspot\share\interpreter\linkResolver.cpp, line 766]
Event: 0.611 Thread 0x000002034ffb3250 Exception <a 'java/lang/NoSuchMethodError'{0x0000000710eb7f88}: 'void java.lang.invoke.DirectMethodHandle$Holder.invokeStaticInit(java.lang.Object)'> (0x0000000710eb7f88) 
thrown [s\open\src\hotspot\share\interpreter\linkResolver.cpp, line 766]
Event: 0.635 Thread 0x0000020376ffdff0 Exception <a 'java/lang/NoSuchMethodError'{0x0000000710ffcbd8}: 'void java.lang.invoke.DirectMethodHandle$Holder.invokeVirtual(java.lang.Object, java.lang.Object)'> (0x0000000710ffcbd8) 
thrown [s\open\src\hotspot\share\interpreter\linkResolver.cpp, line 766]
Event: 0.661 Thread 0x00000203779d3260 Implicit null exception at 0x000002035f407643 to 0x000002035f409c44
Event: 0.813 Thread 0x00000203779d1a50 Exception <a 'java/lang/NoSuchMethodError'{0x0000000710a6e3e8}: 'int java.lang.invoke.DirectMethodHandle$Holder.invokeStatic(java.lang.Object, java.lang.Object, java.lang.Object, java.lang.Object)'> (0x0000000710a6e3e8) 
thrown [s\open\src\hotspot\share\interpreter\linkResolver.cpp, line 766]
Event: 0.814 Thread 0x00000203779d1a50 Exception <a 'java/lang/NoSuchMethodError'{0x0000000710a71ac0}: 'java.lang.Object java.lang.invoke.Invokers$Holder.invokeExact_MT(java.lang.Object, java.lang.Object, java.lang.Object, java.lang.Object, java.lang.Object, java.lang.Object)'> (0x0000000710a71ac0) 
thrown [s\open\src\hotspot\share\interpreter\linkResolver.cpp, line 766]
Event: 0.820 Thread 0x00000203779d1a50 Exception <a 'java/lang/NoSuchMethodError'{0x0000000710ab0a90}: 'int java.lang.invoke.DirectMethodHandle$Holder.invokeSpecial(java.lang.Object, java.lang.Object, java.lang.Object)'> (0x0000000710ab0a90) 
thrown [s\open\src\hotspot\share\interpreter\linkResolver.cpp, line 766]

VM Operations (12 events):
Event: 0.049 Executing VM operation: HandshakeAllThreads
Event: 0.049 Executing VM operation: HandshakeAllThreads done
Event: 0.081 Executing VM operation: HandshakeAllThreads
Event: 0.081 Executing VM operation: HandshakeAllThreads done
Event: 0.100 Executing VM operation: HandshakeAllThreads
Event: 0.100 Executing VM operation: HandshakeAllThreads done
Event: 0.553 Executing VM operation: G1CollectForAllocation
Event: 0.556 Executing VM operation: G1CollectForAllocation done
Event: 0.660 Executing VM operation: HandshakeAllThreads
Event: 0.660 Executing VM operation: HandshakeAllThreads done
Event: 0.662 Executing VM operation: HandshakeAllThreads
Event: 0.662 Executing VM operation: HandshakeAllThreads done

Events (20 events):
Event: 0.079 Thread 0x0000020376de7970 Thread added: 0x0000020376de7970
Event: 0.088 Loaded shared library C:\Program Files\Java\jdk-18.0.1.1\bin\jimage.dll
Event: 0.111 Loaded shared library C:\Program Files\Java\jdk-18.0.1.1\bin\awt.dll
Event: 0.222 Thread 0x0000020376f26d80 Thread added: 0x0000020376f26d80
Event: 0.357 Loaded shared library C:\Program Files\Java\jdk-18.0.1.1\bin\javajpeg.dll
Event: 0.410 Thread 0x0000020376ffc6a0 Thread added: 0x0000020376ffc6a0
Event: 0.411 Thread 0x0000020376ffdff0 Thread added: 0x0000020376ffdff0
Event: 0.574 Thread 0x00000203779d3260 Thread added: 0x00000203779d3260
Event: 0.610 Thread 0x00000203779d23f0 Thread added: 0x00000203779d23f0
Event: 0.614 Loaded shared library C:\Program Files\Java\jdk-18.0.1.1\bin\freetype.dll
Event: 0.615 Loaded shared library C:\Program Files\Java\jdk-18.0.1.1\bin\fontmanager.dll
Event: 0.667 Thread 0x00000203779d1f20 Thread added: 0x00000203779d1f20
Event: 0.671 Thread 0x000002037e850b20 Thread added: 0x000002037e850b20
Event: 0.676 Thread 0x00000203779d28c0 Thread added: 0x00000203779d28c0
Event: 0.706 Loaded shared library C:\Program Files\Java\jdk-18.0.1.1\bin\jsound.dll
Event: 0.769 Thread 0x00000203779d0710 Thread added: 0x00000203779d0710
Event: 0.780 Thread 0x00000203779d2d90 Thread added: 0x00000203779d2d90
Event: 0.795 Thread 0x00000203779d1a50 Thread added: 0x00000203779d1a50
Event: 0.797 Thread 0x000002034ffb3250 Thread exited: 0x000002034ffb3250
Event: 0.797 Thread 0x00000203779d0240 Thread added: 0x00000203779d0240


Dynamic libraries:
0x00007ff79c4b0000 - 0x00007ff79c4c0000 	C:\Program Files\Java\jdk-18.0.1.1\bin\java.exe
0x00007ff86f480000 - 0x00007ff86f689000 	C:\WINDOWS\SYSTEM32\ntdll.dll
0x00007ff86dba0000 - 0x00007ff86dc5e000 	C:\WINDOWS\System32\KERNEL32.DLL
0x00007ff86cc50000 - 0x00007ff86cfcb000 	C:\WINDOWS\System32\KERNELBASE.dll
0x00007ff86cac0000 - 0x00007ff86cbd1000 	C:\WINDOWS\System32\ucrtbase.dll
0x00007ff866ac0000 - 0x00007ff866ada000 	C:\Program Files\Java\jdk-18.0.1.1\bin\VCRUNTIME140.dll
0x00007ff85f580000 - 0x00007ff85f598000 	C:\Program Files\Java\jdk-18.0.1.1\bin\jli.dll
0x00007ff86d320000 - 0x00007ff86d3ce000 	C:\WINDOWS\System32\ADVAPI32.dll
0x00007ff86f390000 - 0x00007ff86f433000 	C:\WINDOWS\System32\msvcrt.dll
0x00007ff86d680000 - 0x00007ff86d71e000 	C:\WINDOWS\System32\sechost.dll
0x00007ff86d560000 - 0x00007ff86d680000 	C:\WINDOWS\System32\RPCRT4.dll
0x00007ff86d720000 - 0x00007ff86d8cd000 	C:\WINDOWS\System32\USER32.dll
0x00007ff86d070000 - 0x00007ff86d096000 	C:\WINDOWS\System32\win32u.dll
0x00007ff85e920000 - 0x00007ff85ebc5000 	C:\WINDOWS\WinSxS\amd64_microsoft.windows.common-controls_6595b64144ccf1df_6.0.22000.120_none_9d947278b86cc467\COMCTL32.dll
0x00007ff86f360000 - 0x00007ff86f389000 	C:\WINDOWS\System32\GDI32.dll
0x00007ff86d0a0000 - 0x00007ff86d1b8000 	C:\WINDOWS\System32\gdi32full.dll
0x00007ff86cfd0000 - 0x00007ff86d06d000 	C:\WINDOWS\System32\msvcp_win.dll
0x00007ff868c30000 - 0x00007ff868c3a000 	C:\WINDOWS\SYSTEM32\VERSION.dll
0x00007ff86f260000 - 0x00007ff86f292000 	C:\WINDOWS\System32\IMM32.DLL
0x00007ff866a20000 - 0x00007ff866a2c000 	C:\Program Files\Java\jdk-18.0.1.1\bin\vcruntime140_1.dll
0x00007ff84c2b0000 - 0x00007ff84c33d000 	C:\Program Files\Java\jdk-18.0.1.1\bin\msvcp140.dll
0x00007ffff1c90000 - 0x00007ffff28a0000 	C:\Program Files\Java\jdk-18.0.1.1\bin\server\jvm.dll
0x00007ff86d3d0000 - 0x00007ff86d3d8000 	C:\WINDOWS\System32\PSAPI.DLL
0x00007ff857490000 - 0x00007ff857499000 	C:\WINDOWS\SYSTEM32\WSOCK32.dll
0x00007ff85d9f0000 - 0x00007ff85da23000 	C:\WINDOWS\SYSTEM32\WINMM.dll
0x00007ff86d8d0000 - 0x00007ff86d93f000 	C:\WINDOWS\System32\WS2_32.dll
0x00007ff86b9d0000 - 0x00007ff86b9e8000 	C:\WINDOWS\SYSTEM32\kernel.appcore.dll
0x00007ff8621e0000 - 0x00007ff8621ea000 	C:\Program Files\Java\jdk-18.0.1.1\bin\jimage.dll
0x00007ff8682b0000 - 0x00007ff8684d1000 	C:\WINDOWS\SYSTEM32\DBGHELP.DLL
0x00007ff867d70000 - 0x00007ff867da1000 	C:\WINDOWS\SYSTEM32\dbgcore.DLL
0x00007ff86d280000 - 0x00007ff86d2ff000 	C:\WINDOWS\System32\bcryptPrimitives.dll
0x00007ff860a60000 - 0x00007ff860a6e000 	C:\Program Files\Java\jdk-18.0.1.1\bin\instrument.dll
0x00007ff85bb80000 - 0x00007ff85bba5000 	C:\Program Files\Java\jdk-18.0.1.1\bin\java.dll
0x00007ff841680000 - 0x00007ff841756000 	C:\Program Files\Java\jdk-18.0.1.1\bin\jsvml.dll
0x00007ff86e8e0000 - 0x00007ff86f097000 	C:\WINDOWS\System32\SHELL32.dll
0x00007ff86aa40000 - 0x00007ff86b2a5000 	C:\WINDOWS\SYSTEM32\windows.storage.dll
0x00007ff86e560000 - 0x00007ff86e8d8000 	C:\WINDOWS\System32\combase.dll
0x00007ff86a8d0000 - 0x00007ff86aa36000 	C:\WINDOWS\SYSTEM32\wintypes.dll
0x00007ff86dce0000 - 0x00007ff86ddca000 	C:\WINDOWS\System32\SHCORE.dll
0x00007ff86d500000 - 0x00007ff86d55d000 	C:\WINDOWS\System32\shlwapi.dll
0x00007ff86c880000 - 0x00007ff86c8a1000 	C:\WINDOWS\SYSTEM32\profapi.dll
0x00007ff85b860000 - 0x00007ff85b878000 	C:\Program Files\Java\jdk-18.0.1.1\bin\zip.dll
0x00007ff85ba50000 - 0x00007ff85ba63000 	C:\Program Files\Java\jdk-18.0.1.1\bin\net.dll
0x00007ff868cf0000 - 0x00007ff868e04000 	C:\WINDOWS\SYSTEM32\WINHTTP.dll
0x00007ff86be70000 - 0x00007ff86bed7000 	C:\WINDOWS\system32\mswsock.dll
0x00007ff85ba30000 - 0x00007ff85ba46000 	C:\Program Files\Java\jdk-18.0.1.1\bin\nio.dll
0x00007ff85ae60000 - 0x00007ff85ae7a000 	C:\Program Files\JetBrains\IntelliJ IDEA 2022.2.1\bin\breakgen64.dll
0x00007ff808740000 - 0x00007ff8088cf000 	C:\Program Files\Java\jdk-18.0.1.1\bin\awt.dll
0x00007ff86da50000 - 0x00007ff86db26000 	C:\WINDOWS\System32\OLEAUT32.dll
0x00007ff869fc0000 - 0x00007ff86a052000 	C:\WINDOWS\SYSTEM32\apphelp.dll
0x00007ff86c0b0000 - 0x00007ff86c0c8000 	C:\WINDOWS\SYSTEM32\CRYPTSP.dll
0x00007ff86b930000 - 0x00007ff86b965000 	C:\WINDOWS\system32\rsaenh.dll
0x00007ff86bf60000 - 0x00007ff86bf89000 	C:\WINDOWS\SYSTEM32\USERENV.dll
0x00007ff86c240000 - 0x00007ff86c267000 	C:\WINDOWS\SYSTEM32\bcrypt.dll
0x00007ff86c0d0000 - 0x00007ff86c0dc000 	C:\WINDOWS\SYSTEM32\CRYPTBASE.dll
0x00007ff86b500000 - 0x00007ff86b52d000 	C:\WINDOWS\SYSTEM32\IPHLPAPI.DLL
0x00007ff86de30000 - 0x00007ff86de39000 	C:\WINDOWS\System32\NSI.dll
0x00007ff868cd0000 - 0x00007ff868ce9000 	C:\WINDOWS\SYSTEM32\dhcpcsvc6.DLL
0x00007ff868f10000 - 0x00007ff868f2e000 	C:\WINDOWS\SYSTEM32\dhcpcsvc.DLL
0x00007ff86b530000 - 0x00007ff86b618000 	C:\WINDOWS\SYSTEM32\DNSAPI.dll
0x00007ff8585c0000 - 0x00007ff8585ed000 	C:\Program Files\Java\jdk-18.0.1.1\bin\javajpeg.dll
0x00007ff86a4e0000 - 0x00007ff86a50f000 	C:\WINDOWS\system32\DWMAPI.DLL
0x00007ff86a080000 - 0x00007ff86a12c000 	C:\WINDOWS\system32\uxtheme.dll
0x00007ff84d870000 - 0x00007ff84d971000 	C:\WINDOWS\system32\opengl32.dll
0x00007ff8660a0000 - 0x00007ff8660cd000 	C:\WINDOWS\SYSTEM32\GLU32.dll
0x00007ff86a160000 - 0x00007ff86a198000 	C:\WINDOWS\SYSTEM32\dxcore.dll
0x00007ff86d3e0000 - 0x00007ff86d4fd000 	C:\WINDOWS\System32\MSCTF.dll
0x00007ff86dee0000 - 0x00007ff86e07a000 	C:\WINDOWS\System32\ole32.dll
0x00007ff8484a0000 - 0x00007ff848646000 	C:\WINDOWS\system32\d3d9.dll
0x00007ff854320000 - 0x00007ff854425000 	C:\WINDOWS\System32\DriverStore\FileRepository\nv_dispi.inf_amd64_628fd811d3528c5d\nvldumdx.dll
0x00007ff86c110000 - 0x00007ff86c122000 	C:\WINDOWS\SYSTEM32\msasn1.dll
0x00007ff868a90000 - 0x00007ff868ac1000 	C:\WINDOWS\SYSTEM32\cryptnet.dll
0x00007ff86c950000 - 0x00007ff86cab2000 	C:\WINDOWS\System32\CRYPT32.dll
0x00007ff86cbe0000 - 0x00007ff86cc48000 	C:\WINDOWS\System32\WINTRUST.DLL
0x00007ff86d940000 - 0x00007ff86d95f000 	C:\WINDOWS\System32\imagehlp.dll
0x00007ff81dfb0000 - 0x00007ff81fbfa000 	C:\WINDOWS\System32\DriverStore\FileRepository\nv_dispi.inf_amd64_628fd811d3528c5d\nvd3dumx.dll
0x00007ff857360000 - 0x00007ff8573a4000 	C:\WINDOWS\SYSTEM32\directxdatabasehelper.dll
0x00007ff86b9f0000 - 0x00007ff86ba24000 	C:\WINDOWS\SYSTEM32\ntmarta.dll
0x00007ff82ecb0000 - 0x00007ff82ef62000 	C:\WINDOWS\system32\nvspcap64.dll
0x00007ff86bf00000 - 0x00007ff86bf24000 	C:\WINDOWS\SYSTEM32\gpapi.dll
0x00007ff835170000 - 0x00007ff8351f9000 	C:\Program Files\Java\jdk-18.0.1.1\bin\freetype.dll
0x00007ff818d80000 - 0x00007ff818e28000 	C:\Program Files\Java\jdk-18.0.1.1\bin\fontmanager.dll
0x00007ff858250000 - 0x00007ff85837d000 	C:\WINDOWS\SYSTEM32\textinputframework.dll
0x00007ff8698d0000 - 0x00007ff869a01000 	C:\WINDOWS\SYSTEM32\CoreMessaging.dll
0x00007ff856da0000 - 0x00007ff85710d000 	C:\WINDOWS\SYSTEM32\CoreUIComponents.dll
0x00007ff84dd40000 - 0x00007ff84dd51000 	C:\Program Files\Java\jdk-18.0.1.1\bin\jsound.dll
0x00007ff841890000 - 0x00007ff841932000 	C:\WINDOWS\SYSTEM32\DSOUND.dll
0x00007ff8417d0000 - 0x00007ff841881000 	C:\WINDOWS\SYSTEM32\ResampleDmo.DLL
0x00007ff86c680000 - 0x00007ff86c6cd000 	C:\WINDOWS\SYSTEM32\powrprof.dll
0x00007ff863300000 - 0x00007ff863329000 	C:\WINDOWS\SYSTEM32\winmmbase.dll
0x00007ff8445c0000 - 0x00007ff8445cb000 	C:\WINDOWS\SYSTEM32\msdmo.dll
0x00007ff86c660000 - 0x00007ff86c673000 	C:\WINDOWS\SYSTEM32\UMPDC.dll
0x00007ff86f2a0000 - 0x00007ff86f355000 	C:\WINDOWS\System32\clbcatq.dll
0x00007ff867b20000 - 0x00007ff867bbb000 	C:\WINDOWS\System32\MMDevApi.dll
0x00007ff86c5f0000 - 0x00007ff86c61c000 	C:\WINDOWS\System32\DEVOBJ.dll
0x00007ff86c410000 - 0x00007ff86c45c000 	C:\WINDOWS\SYSTEM32\cfgmgr32.dll
0x00007ff82dcb0000 - 0x00007ff82dcf6000 	C:\WINDOWS\SYSTEM32\wdmaud.drv
0x00007ff835200000 - 0x00007ff835209000 	C:\WINDOWS\SYSTEM32\ksuser.dll
0x00007ff8633f0000 - 0x00007ff8633fb000 	C:\WINDOWS\SYSTEM32\AVRT.dll
0x00007ff85f840000 - 0x00007ff85fa13000 	C:\WINDOWS\SYSTEM32\AUDIOSES.DLL
0x00007ff866020000 - 0x00007ff86602d000 	C:\WINDOWS\SYSTEM32\msacm32.drv
0x00007ff865890000 - 0x00007ff8658ae000 	C:\WINDOWS\SYSTEM32\MSACM32.dll
0x00007ff866010000 - 0x00007ff86601b000 	C:\WINDOWS\SYSTEM32\midimap.dll
0x00007ff86a2b0000 - 0x00007ff86a2c5000 	C:\WINDOWS\SYSTEM32\resourcepolicyclient.dll

dbghelp: loaded successfully - version: 4.0.5 - missing functions: none
symbol engine: initialized successfully - sym options: 0x614 - pdb path: .;C:\Program Files\Java\jdk-18.0.1.1\bin;C:\WINDOWS\SYSTEM32;C:\WINDOWS\WinSxS\amd64_microsoft.windows.common-controls_6595b64144ccf1df_6.0.22000.120_none_9d947278b86cc467;C:\Program Files\Java\jdk-18.0.1.1\bin\server;C:\Program Files\JetBrains\IntelliJ IDEA 2022.2.1\bin;C:\WINDOWS\System32\DriverStore\FileRepository\nv_dispi.inf_amd64_628fd811d3528c5d

VM Arguments:
jvm_args: -javaagent:C:\Program Files\JetBrains\IntelliJ IDEA 2022.2.1\lib\idea_rt.jar=61219:C:\Program Files\JetBrains\IntelliJ IDEA 2022.2.1\bin -Dfile.encoding=UTF-8 -Dsun.stdout.encoding=UTF-8 -Dsun.stderr.encoding=UTF-8 
java_command: Launcher
java_class_path (initial): C:\Users\Intel\Desktop\Projets_programmation_personnels\Java\2D_RPG_Game\out\production\2D_RPG_Game;C:\Users\Intel\.m2\repository\org\jetbrains\kotlin\kotlin-stdlib-jdk8\1.7.10\kotlin-stdlib-jdk8-1.7.10.jar;C:\Users\Intel\.m2\repository\org\jetbrains\kotlin\kotlin-stdlib\1.7.10\kotlin-stdlib-1.7.10.jar;C:\Users\Intel\.m2\repository\org\jetbrains\kotlin\kotlin-stdlib-common\1.7.10\kotlin-stdlib-common-1.7.10.jar;C:\Users\Intel\.m2\repository\org\jetbrains\annotations\13.0\annotations-13.0.jar;C:\Users\Intel\.m2\repository\org\jetbrains\kotlin\kotlin-stdlib-jdk7\1.7.10\kotlin-stdlib-jdk7-1.7.10.jar
Launcher Type: SUN_STANDARD

[Global flags]
     intx CICompilerCount                          = 3                                         {product} {ergonomic}
     uint ConcGCThreads                            = 2                                         {product} {ergonomic}
     uint G1ConcRefinementThreads                  = 6                                         {product} {ergonomic}
   size_t G1HeapRegionSize                         = 2097152                                   {product} {ergonomic}
    uintx GCDrainStackTargetSize                   = 64                                        {product} {ergonomic}
   size_t InitialHeapSize                          = 268435456                                 {product} {ergonomic}
   size_t MarkStackSize                            = 4194304                                   {product} {ergonomic}
   size_t MaxHeapSize                              = 4278190080                                {product} {ergonomic}
   size_t MaxNewSize                               = 2566914048                                {product} {ergonomic}
   size_t MinHeapDeltaBytes                        = 2097152                                   {product} {ergonomic}
   size_t MinHeapSize                              = 8388608                                   {product} {ergonomic}
    uintx NonNMethodCodeHeapSize                   = 5832780                                {pd product} {ergonomic}
    uintx NonProfiledCodeHeapSize                  = 122912730                              {pd product} {ergonomic}
    uintx ProfiledCodeHeapSize                     = 122912730                              {pd product} {ergonomic}
    uintx ReservedCodeCacheSize                    = 251658240                              {pd product} {ergonomic}
     bool SegmentedCodeCache                       = true                                      {product} {ergonomic}
   size_t SoftMaxHeapSize                          = 4278190080                             {manageable} {ergonomic}
     bool UseCompressedClassPointers               = true                           {product lp64_product} {ergonomic}
     bool UseCompressedOops                        = true                           {product lp64_product} {ergonomic}
     bool UseG1GC                                  = true                                      {product} {ergonomic}
     bool UseLargePagesIndividualAllocation        = false                                  {pd product} {ergonomic}

Logging:
Log output configuration:
 #0: stdout all=warning uptime,level,tags foldmultilines=false
 #1: stderr all=off uptime,level,tags foldmultilines=false

Environment Variables:
PATH=C:\Program Files\Common Files\Oracle\Java\javapath;C:\Program Files\Eclipse Adoptium\jdk-17.0.2.8-hotspot\bin;C:\Program Files (x86)\Common Files\Oracle\Java\javapath;C:\Windows\system32;C:\Windows;C:\Windows\System32\Wbem;C:\Windows\System32\WindowsPowerShell\v1.0\;C:\Program Files\NVIDIA Corporation\NVIDIA NvDLISR;C:\Program Files (x86)\NVIDIA Corporation\PhysX\Common;C:\WINDOWS\system32;C:\WINDOWS;C:\WINDOWS\System32\Wbem;C:\WINDOWS\System32\WindowsPowerShell\v1.0\;C:\WINDOWS\System32\OpenSSH\;C:\Program Files\dotnet\;C:\Program Files\MATLAB\R2022b\bin;C:\Program Files\Git\cmd;C:\Users\Intel\AppData\Local\Programs\Python\Python310\Scripts\;C:\Users\Intel\AppData\Local\Programs\Python\Python310\;C:\Users\Intel\AppData\Local\Microsoft\WindowsApps;C:\Users\Intel\AppData\Local\atom\bin;C:\Users\Intel\AppData\Local\Programs\Microsoft VS Code\bin;C:\Users\Intel\AppData\Local\Microsoft\WindowsApps;;C:\Program Files\JetBrains\IntelliJ IDEA 2022.2.1\bin;
USERNAME=Christopher Forget
OS=Windows_NT
PROCESSOR_IDENTIFIER=Intel64 Family 6 Model 158 Stepping 10, GenuineIntel



---------------  S Y S T E M  ---------------

OS:
 Windows 11 , 64 bit Build 22000 (10.0.22000.1335)
OS uptime: 21 days 8:12 hours

CPU: total 6 (initial active 6) (6 cores per cpu, 1 threads per core) family 6 model 158 stepping 10 microcode 0xde, cx8, cmov, fxsr, mmx, 3dnowpref, sse, sse2, sse3, ssse3, sse4.1, sse4.2, popcnt, lzcnt, tsc, tscinvbit, avx, avx2, aes, erms, clmul, bmi1, bmi2, adx, fma, vzeroupper, clflush, clflushopt

Memory: 4k page, system-wide physical 16317M (7150M free)
TotalPageFile size 65469M (AvailPageFile size 38M)
current process WorkingSet (physical memory assigned to process): 153M, peak: 185M
current process commit charge ("private bytes"): 436M, peak: 469M

vm_info: Java HotSpot(TM) 64-Bit Server VM (18.0.1.1+2-6) for windows-amd64 JRE (18.0.1.1+2-6), built on Apr 25 2022 21:53:15 by "mach5one" with MS VC++ 16.8 / 16.9 (VS2019)

END.
