#
# There is insufficient memory for the Java Runtime Environment to continue.
# Native memory allocation (malloc) failed to allocate 35908824 bytes for AllocateHeap
# Possible reasons:
#   The system is out of physical RAM or swap space
#   The process is running with CompressedOops enabled, and the Java Heap may be blocking the growth of the native heap
# Possible solutions:
#   Reduce memory load on the system
#   Increase physical memory or swap space
#   Check if swap backing store is full
#   Decrease Java heap size (-Xmx/-Xms)
#   Decrease number of Java threads
#   Decrease Java thread stack sizes (-Xss)
#   Set larger code cache with -XX:ReservedCodeCacheSize=
#   JVM is running with Zero Based Compressed Oops mode in which the Java heap is
#     placed in the first 32GB address space. The Java Heap base address is the
#     maximum limit for the native heap growth. Please use -XX:HeapBaseMinAddress
#     to set the Java Heap base and to place the Java Heap above 32GB virtual address.
# This output file may be truncated or incomplete.
#
#  Out of Memory Error (allocation.cpp:44), pid=29596, tid=21984
#
# JRE version: Java(TM) SE Runtime Environment (18.0.1.1+2) (build 18.0.1.1+2-6)
# Java VM: Java HotSpot(TM) 64-Bit Server VM (18.0.1.1+2-6, mixed mode, sharing, tiered, compressed oops, compressed class ptrs, g1 gc, windows-amd64)
# No core dump will be written. Minidumps are not enabled by default on client versions of Windows
#

---------------  S U M M A R Y ------------

Command Line: -javaagent:C:\Program Files\JetBrains\IntelliJ IDEA 2022.2.1\lib\idea_rt.jar=61911:C:\Program Files\JetBrains\IntelliJ IDEA 2022.2.1\bin -Dfile.encoding=UTF-8 -Dsun.stdout.encoding=UTF-8 -Dsun.stderr.encoding=UTF-8 Launcher

Host: Intel(R) Core(TM) i5-8400 CPU @ 2.80GHz, 6 cores, 15G,  Windows 11 , 64 bit Build 22000 (10.0.22000.1335)
Time: Thu Feb  2 12:45:10 2023 Est elapsed time: 72.222991 seconds (0d 0h 1m 12s)

---------------  T H R E A D  ---------------

Current thread (0x000001ff36709270):  JavaThread "Direct Clip" daemon [_thread_in_vm, id=21984, stack(0x0000002750800000,0x0000002750900000)]

Stack: [0x0000002750800000,0x0000002750900000]
Native frames: (J=compiled Java code, j=interpreted, Vv=VM code, C=native code)
V  [jvm.dll+0x69887a]
V  [jvm.dll+0x7f38bd]
V  [jvm.dll+0x7f51ce]
V  [jvm.dll+0x7f5883]
V  [jvm.dll+0x25ca3f]
V  [jvm.dll+0xb31af]
V  [jvm.dll+0x406aaa]
C  [jsound.dll+0x1526]

Java frames: (J=compiled Java code, j=interpreted, Vv=VM code)
J 3269  com.sun.media.sound.DirectAudioDevice.nWrite(J[BIIIFF)I java.desktop@18.0.1.1 (0 bytes) @ 0x000001ff1e38151b [0x000001ff1e3814a0+0x000000000000007b]
j  com.sun.media.sound.DirectAudioDevice$DirectDL.write([BII)I+180 java.desktop@18.0.1.1
j  com.sun.media.sound.DirectAudioDevice$DirectClip.run()V+189 java.desktop@18.0.1.1
j  java.lang.Thread.run()V+11 java.base@18.0.1.1
v  ~StubRoutines::call_stub

---------------  P R O C E S S  ---------------

Threads class SMR info:
_java_thread_list=0x000001ff3ec9b480, length=52, elements={
0x000001ff3168a080, 0x000001ff3168b1c0, 0x000001ff316a8590, 0x000001ff316a8e40,
0x000001ff316a97e0, 0x000001ff316aa920, 0x000001ff316adda0, 0x000001ff316b3340,
0x000001ff316b5310, 0x000001ff31674300, 0x000001ff35af1c40, 0x000001ff35af7790,
0x000001ff35c63cd0, 0x000001ff35cfc8d0, 0x000001ff35d23310, 0x000001ff36708400,
0x000001ff36709740, 0x000001ff36707f30, 0x000001ff36709270, 0x000001ff367088d0,
0x000001ff36708da0, 0x000001ff3670a5b0, 0x000001ff3670af50, 0x000001ff3e02c710,
0x000001ff3e032280, 0x000001ff3e02fc00, 0x000001ff3e032750, 0x000001ff3e0300d0,
0x000001ff3e02f730, 0x000001ff3e0330f0, 0x000001ff3e02d0b0, 0x000001ff3e033a90,
0x000001ff3e02f260, 0x000001ff3e032c20, 0x000001ff3e02d580, 0x000001ff3e02ed90,
0x000001ff3e0335c0, 0x000001ff3e030f40, 0x000001ff3e02e3f0, 0x000001ff3e033f60,
0x000001ff3e02da50, 0x000001ff3e02df20, 0x000001ff3e02e8c0, 0x000001ff3e0305a0,
0x000001ff3e030a70, 0x000001ff3e031410, 0x000001ff3670aa80, 0x000001ff36707590,
0x000001ff3d6c7470, 0x000001ff3d6c7e10, 0x000001ff3d6c9620, 0x000001ff3d6c87b0
}

Java Threads: ( => current thread )
  0x000001ff3168a080 JavaThread "Reference Handler" daemon [_thread_blocked, id=33460, stack(0x000000274e700000,0x000000274e800000)]
  0x000001ff3168b1c0 JavaThread "Finalizer" daemon [_thread_blocked, id=34296, stack(0x000000274e800000,0x000000274e900000)]
  0x000001ff316a8590 JavaThread "Signal Dispatcher" daemon [_thread_blocked, id=26328, stack(0x000000274e900000,0x000000274ea00000)]
  0x000001ff316a8e40 JavaThread "Attach Listener" daemon [_thread_blocked, id=6372, stack(0x000000274ea00000,0x000000274eb00000)]
  0x000001ff316a97e0 JavaThread "Service Thread" daemon [_thread_blocked, id=14688, stack(0x000000274eb00000,0x000000274ec00000)]
  0x000001ff316aa920 JavaThread "Monitor Deflation Thread" daemon [_thread_blocked, id=33652, stack(0x000000274ec00000,0x000000274ed00000)]
  0x000001ff316adda0 JavaThread "C2 CompilerThread0" daemon [_thread_blocked, id=28848, stack(0x000000274ed00000,0x000000274ee00000)]
  0x000001ff316b3340 JavaThread "C1 CompilerThread0" daemon [_thread_blocked, id=17372, stack(0x000000274ee00000,0x000000274ef00000)]
  0x000001ff316b5310 JavaThread "Sweeper thread" daemon [_thread_blocked, id=22884, stack(0x000000274ef00000,0x000000274f000000)]
  0x000001ff31674300 JavaThread "Common-Cleaner" daemon [_thread_blocked, id=12004, stack(0x000000274f000000,0x000000274f100000)]
  0x000001ff35af1c40 JavaThread "Monitor Ctrl-Break" daemon [_thread_in_native, id=24320, stack(0x000000274f100000,0x000000274f200000)]
  0x000001ff35af7790 JavaThread "Notification Thread" daemon [_thread_blocked, id=3868, stack(0x000000274f200000,0x000000274f300000)]
  0x000001ff35c63cd0 JavaThread "Java2D Disposer" daemon [_thread_blocked, id=17616, stack(0x000000274f400000,0x000000274f500000)]
  0x000001ff35cfc8d0 JavaThread "AWT-Shutdown" [_thread_blocked, id=30140, stack(0x000000274f500000,0x000000274f600000)]
  0x000001ff35d23310 JavaThread "AWT-Windows" daemon [_thread_in_native, id=18652, stack(0x000000274f600000,0x000000274f700000)]
  0x000001ff36708400 JavaThread "AWT-EventQueue-0" [_thread_blocked, id=34776, stack(0x000000274ff00000,0x0000002750000000)]
  0x000001ff36709740 JavaThread "D3D Screen Updater" daemon [_thread_blocked, id=29948, stack(0x0000002750100000,0x0000002750200000)]
  0x000001ff36707f30 JavaThread "Java Sound Event Dispatcher" daemon [_thread_blocked, id=31300, stack(0x0000002750400000,0x0000002750500000)]
=>0x000001ff36709270 JavaThread "Direct Clip" daemon [_thread_in_vm, id=21984, stack(0x0000002750800000,0x0000002750900000)]
  0x000001ff367088d0 JavaThread "Thread-0" [_thread_in_Java, id=33164, stack(0x0000002750900000,0x0000002750a00000)]
  0x000001ff36708da0 JavaThread "DestroyJavaVM" [_thread_blocked, id=19940, stack(0x000000274e000000,0x000000274e100000)]
  0x000001ff3670a5b0 JavaThread "Direct Clip" daemon [_thread_blocked, id=22800, stack(0x0000002750c00000,0x0000002750d00000)]
  0x000001ff3670af50 JavaThread "Direct Clip" daemon [_thread_blocked, id=13476, stack(0x0000002750d10000,0x0000002750e10000)]
  0x000001ff3e02c710 JavaThread "Direct Clip" daemon [_thread_blocked, id=19544, stack(0x0000002750e10000,0x0000002750f10000)]
  0x000001ff3e032280 JavaThread "Direct Clip" daemon [_thread_blocked, id=1412, stack(0x0000002750f10000,0x0000002751010000)]
  0x000001ff3e02fc00 JavaThread "Direct Clip" daemon [_thread_blocked, id=18364, stack(0x0000002751010000,0x0000002751110000)]
  0x000001ff3e032750 JavaThread "Direct Clip" daemon [_thread_blocked, id=5960, stack(0x0000002750000000,0x0000002750100000)]
  0x000001ff3e0300d0 JavaThread "Direct Clip" daemon [_thread_blocked, id=27932, stack(0x0000002751110000,0x0000002751210000)]
  0x000001ff3e02f730 JavaThread "Direct Clip" daemon [_thread_blocked, id=13988, stack(0x0000002751210000,0x0000002751310000)]
  0x000001ff3e0330f0 JavaThread "Direct Clip" daemon [_thread_blocked, id=23264, stack(0x0000002751410000,0x0000002751510000)]
  0x000001ff3e02d0b0 JavaThread "Direct Clip" daemon [_thread_blocked, id=14224, stack(0x0000002751310000,0x0000002751410000)]
  0x000001ff3e033a90 JavaThread "Direct Clip" daemon [_thread_blocked, id=4472, stack(0x0000002751510000,0x0000002751610000)]
  0x000001ff3e02f260 JavaThread "Direct Clip" daemon [_thread_blocked, id=33580, stack(0x0000002751610000,0x0000002751710000)]
  0x000001ff3e032c20 JavaThread "Direct Clip" daemon [_thread_blocked, id=15164, stack(0x0000002751710000,0x0000002751810000)]
  0x000001ff3e02d580 JavaThread "Direct Clip" daemon [_thread_blocked, id=5084, stack(0x0000002751810000,0x0000002751910000)]
  0x000001ff3e02ed90 JavaThread "Direct Clip" daemon [_thread_blocked, id=18880, stack(0x0000002751910000,0x0000002751a10000)]
  0x000001ff3e0335c0 JavaThread "Direct Clip" daemon [_thread_blocked, id=16048, stack(0x0000002751a10000,0x0000002751b10000)]
  0x000001ff3e030f40 JavaThread "Direct Clip" daemon [_thread_blocked, id=12472, stack(0x0000002751b10000,0x0000002751c10000)]
  0x000001ff3e02e3f0 JavaThread "Direct Clip" daemon [_thread_blocked, id=2864, stack(0x0000002751c10000,0x0000002751d10000)]
  0x000001ff3e033f60 JavaThread "Direct Clip" daemon [_thread_blocked, id=17304, stack(0x0000002751d10000,0x0000002751e10000)]
  0x000001ff3e02da50 JavaThread "Direct Clip" daemon [_thread_blocked, id=30360, stack(0x0000002751e10000,0x0000002751f10000)]
  0x000001ff3e02df20 JavaThread "Direct Clip" daemon [_thread_blocked, id=19548, stack(0x000000274fe00000,0x000000274ff00000)]
  0x000001ff3e02e8c0 JavaThread "Direct Clip" daemon [_thread_blocked, id=30524, stack(0x0000002751f10000,0x0000002752010000)]
  0x000001ff3e0305a0 JavaThread "Direct Clip" daemon [_thread_blocked, id=31604, stack(0x0000002752010000,0x0000002752110000)]
  0x000001ff3e030a70 JavaThread "Direct Clip" daemon [_thread_blocked, id=28736, stack(0x0000002752110000,0x0000002752210000)]
  0x000001ff3e031410 JavaThread "Direct Clip" daemon [_thread_blocked, id=32208, stack(0x0000002752210000,0x0000002752310000)]
  0x000001ff3670aa80 JavaThread "Direct Clip" daemon [_thread_blocked, id=15124, stack(0x0000002752310000,0x0000002752410000)]
  0x000001ff36707590 JavaThread "Direct Clip" daemon [_thread_blocked, id=24568, stack(0x0000002752410000,0x0000002752510000)]
  0x000001ff3d6c7470 JavaThread "Direct Clip" daemon [_thread_blocked, id=25352, stack(0x0000002752510000,0x0000002752610000)]
  0x000001ff3d6c7e10 JavaThread "Direct Clip" daemon [_thread_blocked, id=18476, stack(0x0000002752610000,0x0000002752710000)]
  0x000001ff3d6c9620 JavaThread "Direct Clip" daemon [_thread_blocked, id=27000, stack(0x0000002752710000,0x0000002752810000)]
  0x000001ff3d6c87b0 JavaThread "Direct Clip" daemon [_thread_blocked, id=30192, stack(0x0000002752810000,0x0000002752910000)]

Other Threads:
  0x000001ff31687460 VMThread "VM Thread" [stack: 0x000000274e600000,0x000000274e700000] [id=7956]
  0x000001ff35af2100 WatcherThread "VM Periodic Task Thread" [stack: 0x000000274f300000,0x000000274f400000] [id=29880]
  0x000001ff0ed851b0 WorkerThread "GC Thread#0" [stack: 0x000000274e100000,0x000000274e200000] [id=3608]
  0x000001ff366a5430 WorkerThread "GC Thread#1" [stack: 0x000000274f900000,0x000000274fa00000] [id=1748]
  0x000001ff366a56d0 WorkerThread "GC Thread#2" [stack: 0x000000274fa00000,0x000000274fb00000] [id=19396]
  0x000001ff366a5970 WorkerThread "GC Thread#3" [stack: 0x000000274fb00000,0x000000274fc00000] [id=14816]
  0x000001ff366a7c20 WorkerThread "GC Thread#4" [stack: 0x000000274fc00000,0x000000274fd00000] [id=19136]
  0x000001ff366ab860 WorkerThread "GC Thread#5" [stack: 0x000000274fd00000,0x000000274fe00000] [id=29644]
  0x000001ff0ed96140 ConcurrentGCThread "G1 Main Marker" [stack: 0x000000274e200000,0x000000274e300000] [id=23248]
  0x000001ff0ed972d0 WorkerThread "G1 Conc#0" [stack: 0x000000274e300000,0x000000274e400000] [id=17120]
  0x000001ff0eddd3d0 ConcurrentGCThread "G1 Refine#0" [stack: 0x000000274e400000,0x000000274e500000] [id=29800]
  0x000001ff0eddeb90 ConcurrentGCThread "G1 Service" [stack: 0x000000274e500000,0x000000274e600000] [id=664]

Threads with active compile tasks:

VM state: not at safepoint (normal execution)

VM Mutex/Monitor currently owned by a thread: None

Heap address: 0x0000000701000000, size: 4080 MB, Compressed Oops mode: Zero based, Oop shift amount: 3

CDS archive(s) mapped at: [0x0000000800000000-0x0000000800ba0000-0x0000000800ba0000), size 12189696, SharedBaseAddress: 0x0000000800000000, ArchiveRelocationMode: 0.
Compressed class space mapped at: 0x0000000800c00000-0x0000000840c00000, reserved size: 1073741824
Narrow klass base: 0x0000000800000000, Narrow klass shift: 0, Narrow klass range: 0x100000000

GC Precious Log:
 CardTable entry size: 512
 Card Set container configuration: InlinePtr #cards 4 size 8 Array Of Cards #cards 16 size 48 Howl #buckets 8 coarsen threshold 3686 Howl Bitmap #cards 512 size 80 coarsen threshold 460 Card regions per heap region 1 cards per card region 4096
 CPUs: 6 total, 6 available
 Memory: 16317M
 Large Page Support: Disabled
 NUMA Support: Disabled
 Compressed Oops: Enabled (Zero based)
 Heap Region Size: 2M
 Heap Min Capacity: 8M
 Heap Initial Capacity: 256M
 Heap Max Capacity: 4080M
 Pre-touch: Disabled
 Parallel Workers: 6
 Concurrent Workers: 2
 Concurrent Refinement Workers: 6
 Periodic GC: Disabled

Heap:
 garbage-first heap   total 262144K, used 146482K [0x0000000701000000, 0x0000000800000000)
  region size 2048K, 44 young (90112K), 3 survivors (6144K)
 Metaspace       used 10954K, committed 11200K, reserved 1114112K
  class space    used 1059K, committed 1216K, reserved 1048576K

Heap Regions: E=young(eden), S=young(survivor), O=old, HS=humongous(starts), HC=humongous(continues), CS=collection set, F=free, OA=open archive, CA=closed archive, TAMS=top-at-mark-start (previous, next)
|   0|0x0000000701000000, 0x0000000701200000, 0x0000000701200000|100%|HS|  |TAMS 0x0000000701000000, 0x0000000701000000| Complete 
|   1|0x0000000701200000, 0x0000000701400000, 0x0000000701400000|100%|HS|  |TAMS 0x0000000701200000, 0x0000000701200000| Complete 
|   2|0x0000000701400000, 0x0000000701600000, 0x0000000701600000|100%| O|  |TAMS 0x0000000701400000, 0x0000000701400000| Untracked 
|   3|0x0000000701600000, 0x0000000701800000, 0x0000000701800000|100%| O|  |TAMS 0x0000000701600000, 0x0000000701600000| Untracked 
|   4|0x0000000701800000, 0x0000000701a00000, 0x0000000701a00000|100%| O|  |TAMS 0x0000000701800000, 0x0000000701800000| Untracked 
|   5|0x0000000701a00000, 0x0000000701c00000, 0x0000000701c00000|100%| O|  |TAMS 0x0000000701a00000, 0x0000000701a00000| Untracked 
|   6|0x0000000701c00000, 0x0000000701e00000, 0x0000000701e00000|100%| O|  |TAMS 0x0000000701c00000, 0x0000000701c00000| Untracked 
|   7|0x0000000701e00000, 0x0000000702000000, 0x0000000702000000|100%|HS|  |TAMS 0x0000000701e00000, 0x0000000701e00000| Complete 
|   8|0x0000000702000000, 0x0000000702200000, 0x0000000702200000|100%|HS|  |TAMS 0x0000000702000000, 0x0000000702000000| Complete 
|   9|0x0000000702200000, 0x0000000702400000, 0x0000000702400000|100%|HC|  |TAMS 0x0000000702200000, 0x0000000702200000| Complete 
|  10|0x0000000702400000, 0x0000000702600000, 0x0000000702600000|100%|HC|  |TAMS 0x0000000702400000, 0x0000000702400000| Complete 
|  11|0x0000000702600000, 0x0000000702800000, 0x0000000702800000|100%|HC|  |TAMS 0x0000000702600000, 0x0000000702600000| Complete 
|  12|0x0000000702800000, 0x0000000702a00000, 0x0000000702a00000|100%|HC|  |TAMS 0x0000000702800000, 0x0000000702800000| Complete 
|  13|0x0000000702a00000, 0x0000000702c00000, 0x0000000702c00000|100%|HC|  |TAMS 0x0000000702a00000, 0x0000000702a00000| Complete 
|  14|0x0000000702c00000, 0x0000000702e00000, 0x0000000702e00000|100%|HC|  |TAMS 0x0000000702c00000, 0x0000000702c00000| Complete 
|  15|0x0000000702e00000, 0x0000000703000000, 0x0000000703000000|100%|HC|  |TAMS 0x0000000702e00000, 0x0000000702e00000| Complete 
|  16|0x0000000703000000, 0x0000000703200000, 0x0000000703200000|100%|HC|  |TAMS 0x0000000703000000, 0x0000000703000000| Complete 
|  17|0x0000000703200000, 0x0000000703400000, 0x0000000703400000|100%|HC|  |TAMS 0x0000000703200000, 0x0000000703200000| Complete 
|  18|0x0000000703400000, 0x0000000703600000, 0x0000000703600000|100%|HC|  |TAMS 0x0000000703400000, 0x0000000703400000| Complete 
|  19|0x0000000703600000, 0x0000000703800000, 0x0000000703800000|100%|HC|  |TAMS 0x0000000703600000, 0x0000000703600000| Complete 
|  20|0x0000000703800000, 0x0000000703a00000, 0x0000000703a00000|100%|HC|  |TAMS 0x0000000703800000, 0x0000000703800000| Complete 
|  21|0x0000000703a00000, 0x0000000703c00000, 0x0000000703c00000|100%|HC|  |TAMS 0x0000000703a00000, 0x0000000703a00000| Complete 
|  22|0x0000000703c00000, 0x0000000703e00000, 0x0000000703e00000|100%|HC|  |TAMS 0x0000000703c00000, 0x0000000703c00000| Complete 
|  23|0x0000000703e00000, 0x0000000704000000, 0x0000000704000000|100%|HC|  |TAMS 0x0000000703e00000, 0x0000000703e00000| Complete 
|  24|0x0000000704000000, 0x0000000704200000, 0x0000000704200000|100%|HC|  |TAMS 0x0000000704000000, 0x0000000704000000| Complete 
|  25|0x0000000704200000, 0x0000000704400000, 0x0000000704400000|100%|HC|  |TAMS 0x0000000704200000, 0x0000000704200000| Complete 
|  26|0x0000000704400000, 0x0000000704600000, 0x0000000704600000|100%| O|  |TAMS 0x0000000704400000, 0x0000000704400000| Untracked 
|  27|0x0000000704600000, 0x0000000704800000, 0x0000000704800000|100%| O|  |TAMS 0x0000000704600000, 0x0000000704600000| Untracked 
|  28|0x0000000704800000, 0x0000000704996e00, 0x0000000704a00000| 79%| O|  |TAMS 0x0000000704800000, 0x0000000704800000| Untracked 
|  29|0x0000000704a00000, 0x0000000704a00000, 0x0000000704c00000|  0%| F|  |TAMS 0x0000000704a00000, 0x0000000704a00000| Untracked 
|  30|0x0000000704c00000, 0x0000000704c00000, 0x0000000704e00000|  0%| F|  |TAMS 0x0000000704c00000, 0x0000000704c00000| Untracked 
|  31|0x0000000704e00000, 0x0000000704e00000, 0x0000000705000000|  0%| F|  |TAMS 0x0000000704e00000, 0x0000000704e00000| Untracked 
|  32|0x0000000705000000, 0x0000000705000000, 0x0000000705200000|  0%| F|  |TAMS 0x0000000705000000, 0x0000000705000000| Untracked 
|  33|0x0000000705200000, 0x0000000705200000, 0x0000000705400000|  0%| F|  |TAMS 0x0000000705200000, 0x0000000705200000| Untracked 
|  34|0x0000000705400000, 0x0000000705400000, 0x0000000705600000|  0%| F|  |TAMS 0x0000000705400000, 0x0000000705400000| Untracked 
|  35|0x0000000705600000, 0x0000000705600000, 0x0000000705800000|  0%| F|  |TAMS 0x0000000705600000, 0x0000000705600000| Untracked 
|  36|0x0000000705800000, 0x0000000705800000, 0x0000000705a00000|  0%| F|  |TAMS 0x0000000705800000, 0x0000000705800000| Untracked 
|  37|0x0000000705a00000, 0x0000000705a00000, 0x0000000705c00000|  0%| F|  |TAMS 0x0000000705a00000, 0x0000000705a00000| Untracked 
|  38|0x0000000705c00000, 0x0000000705c00000, 0x0000000705e00000|  0%| F|  |TAMS 0x0000000705c00000, 0x0000000705c00000| Untracked 
|  39|0x0000000705e00000, 0x0000000705e00000, 0x0000000706000000|  0%| F|  |TAMS 0x0000000705e00000, 0x0000000705e00000| Untracked 
|  40|0x0000000706000000, 0x0000000706000000, 0x0000000706200000|  0%| F|  |TAMS 0x0000000706000000, 0x0000000706000000| Untracked 
|  41|0x0000000706200000, 0x0000000706200000, 0x0000000706400000|  0%| F|  |TAMS 0x0000000706200000, 0x0000000706200000| Untracked 
|  42|0x0000000706400000, 0x0000000706400000, 0x0000000706600000|  0%| F|  |TAMS 0x0000000706400000, 0x0000000706400000| Untracked 
|  43|0x0000000706600000, 0x0000000706600000, 0x0000000706800000|  0%| F|  |TAMS 0x0000000706600000, 0x0000000706600000| Untracked 
|  44|0x0000000706800000, 0x0000000706800000, 0x0000000706a00000|  0%| F|  |TAMS 0x0000000706800000, 0x0000000706800000| Untracked 
|  45|0x0000000706a00000, 0x0000000706a00000, 0x0000000706c00000|  0%| F|  |TAMS 0x0000000706a00000, 0x0000000706a00000| Untracked 
|  46|0x0000000706c00000, 0x0000000706c00000, 0x0000000706e00000|  0%| F|  |TAMS 0x0000000706c00000, 0x0000000706c00000| Untracked 
|  47|0x0000000706e00000, 0x0000000706e00000, 0x0000000707000000|  0%| F|  |TAMS 0x0000000706e00000, 0x0000000706e00000| Untracked 
|  48|0x0000000707000000, 0x0000000707000000, 0x0000000707200000|  0%| F|  |TAMS 0x0000000707000000, 0x0000000707000000| Untracked 
|  49|0x0000000707200000, 0x0000000707200000, 0x0000000707400000|  0%| F|  |TAMS 0x0000000707200000, 0x0000000707200000| Untracked 
|  50|0x0000000707400000, 0x0000000707400000, 0x0000000707600000|  0%| F|  |TAMS 0x0000000707400000, 0x0000000707400000| Untracked 
|  51|0x0000000707600000, 0x0000000707600000, 0x0000000707800000|  0%| F|  |TAMS 0x0000000707600000, 0x0000000707600000| Untracked 
|  52|0x0000000707800000, 0x0000000707975a90, 0x0000000707a00000| 72%| S|CS|TAMS 0x0000000707800000, 0x0000000707800000| Complete 
|  53|0x0000000707a00000, 0x0000000707c00000, 0x0000000707c00000|100%| S|CS|TAMS 0x0000000707a00000, 0x0000000707a00000| Complete 
|  54|0x0000000707c00000, 0x0000000707e00000, 0x0000000707e00000|100%| S|CS|TAMS 0x0000000707c00000, 0x0000000707c00000| Complete 
|  55|0x0000000707e00000, 0x0000000707e00000, 0x0000000708000000|  0%| F|  |TAMS 0x0000000707e00000, 0x0000000707e00000| Untracked 
|  56|0x0000000708000000, 0x0000000708000000, 0x0000000708200000|  0%| F|  |TAMS 0x0000000708000000, 0x0000000708000000| Untracked 
|  57|0x0000000708200000, 0x0000000708200000, 0x0000000708400000|  0%| F|  |TAMS 0x0000000708200000, 0x0000000708200000| Untracked 
|  58|0x0000000708400000, 0x0000000708400000, 0x0000000708600000|  0%| F|  |TAMS 0x0000000708400000, 0x0000000708400000| Untracked 
|  59|0x0000000708600000, 0x0000000708600000, 0x0000000708800000|  0%| F|  |TAMS 0x0000000708600000, 0x0000000708600000| Untracked 
|  60|0x0000000708800000, 0x0000000708800000, 0x0000000708a00000|  0%| F|  |TAMS 0x0000000708800000, 0x0000000708800000| Untracked 
|  61|0x0000000708a00000, 0x0000000708a00000, 0x0000000708c00000|  0%| F|  |TAMS 0x0000000708a00000, 0x0000000708a00000| Untracked 
|  62|0x0000000708c00000, 0x0000000708c00000, 0x0000000708e00000|  0%| F|  |TAMS 0x0000000708c00000, 0x0000000708c00000| Untracked 
|  63|0x0000000708e00000, 0x0000000708e00000, 0x0000000709000000|  0%| F|  |TAMS 0x0000000708e00000, 0x0000000708e00000| Untracked 
|  64|0x0000000709000000, 0x0000000709000000, 0x0000000709200000|  0%| F|  |TAMS 0x0000000709000000, 0x0000000709000000| Untracked 
|  65|0x0000000709200000, 0x0000000709200000, 0x0000000709400000|  0%| F|  |TAMS 0x0000000709200000, 0x0000000709200000| Untracked 
|  66|0x0000000709400000, 0x0000000709400000, 0x0000000709600000|  0%| F|  |TAMS 0x0000000709400000, 0x0000000709400000| Untracked 
|  67|0x0000000709600000, 0x0000000709600000, 0x0000000709800000|  0%| F|  |TAMS 0x0000000709600000, 0x0000000709600000| Untracked 
|  68|0x0000000709800000, 0x0000000709800000, 0x0000000709a00000|  0%| F|  |TAMS 0x0000000709800000, 0x0000000709800000| Untracked 
|  69|0x0000000709a00000, 0x0000000709a00000, 0x0000000709c00000|  0%| F|  |TAMS 0x0000000709a00000, 0x0000000709a00000| Untracked 
|  70|0x0000000709c00000, 0x0000000709c00000, 0x0000000709e00000|  0%| F|  |TAMS 0x0000000709c00000, 0x0000000709c00000| Untracked 
|  71|0x0000000709e00000, 0x0000000709e00000, 0x000000070a000000|  0%| F|  |TAMS 0x0000000709e00000, 0x0000000709e00000| Untracked 
|  72|0x000000070a000000, 0x000000070a000000, 0x000000070a200000|  0%| F|  |TAMS 0x000000070a000000, 0x000000070a000000| Untracked 
|  73|0x000000070a200000, 0x000000070a200000, 0x000000070a400000|  0%| F|  |TAMS 0x000000070a200000, 0x000000070a200000| Untracked 
|  74|0x000000070a400000, 0x000000070a400000, 0x000000070a600000|  0%| F|  |TAMS 0x000000070a400000, 0x000000070a400000| Untracked 
|  75|0x000000070a600000, 0x000000070a600000, 0x000000070a800000|  0%| F|  |TAMS 0x000000070a600000, 0x000000070a600000| Untracked 
|  76|0x000000070a800000, 0x000000070a800000, 0x000000070aa00000|  0%| F|  |TAMS 0x000000070a800000, 0x000000070a800000| Untracked 
|  77|0x000000070aa00000, 0x000000070aa00000, 0x000000070ac00000|  0%| F|  |TAMS 0x000000070aa00000, 0x000000070aa00000| Untracked 
|  78|0x000000070ac00000, 0x000000070ac00000, 0x000000070ae00000|  0%| F|  |TAMS 0x000000070ac00000, 0x000000070ac00000| Untracked 
|  79|0x000000070ae00000, 0x000000070ae00000, 0x000000070b000000|  0%| F|  |TAMS 0x000000070ae00000, 0x000000070ae00000| Untracked 
|  80|0x000000070b000000, 0x000000070b000000, 0x000000070b200000|  0%| F|  |TAMS 0x000000070b000000, 0x000000070b000000| Untracked 
|  81|0x000000070b200000, 0x000000070b200000, 0x000000070b400000|  0%| F|  |TAMS 0x000000070b200000, 0x000000070b200000| Untracked 
|  82|0x000000070b400000, 0x000000070b400000, 0x000000070b600000|  0%| F|  |TAMS 0x000000070b400000, 0x000000070b400000| Untracked 
|  83|0x000000070b600000, 0x000000070b600000, 0x000000070b800000|  0%| F|  |TAMS 0x000000070b600000, 0x000000070b600000| Untracked 
|  84|0x000000070b800000, 0x000000070b800000, 0x000000070ba00000|  0%| F|  |TAMS 0x000000070b800000, 0x000000070b800000| Untracked 
|  85|0x000000070ba00000, 0x000000070ba00000, 0x000000070bc00000|  0%| F|  |TAMS 0x000000070ba00000, 0x000000070ba00000| Untracked 
|  86|0x000000070bc00000, 0x000000070bc00000, 0x000000070be00000|  0%| F|  |TAMS 0x000000070bc00000, 0x000000070bc00000| Untracked 
|  87|0x000000070be00000, 0x000000070c000000, 0x000000070c000000|100%| E|  |TAMS 0x000000070be00000, 0x000000070be00000| Complete 
|  88|0x000000070c000000, 0x000000070c200000, 0x000000070c200000|100%| E|CS|TAMS 0x000000070c000000, 0x000000070c000000| Complete 
|  89|0x000000070c200000, 0x000000070c400000, 0x000000070c400000|100%| E|CS|TAMS 0x000000070c200000, 0x000000070c200000| Complete 
|  90|0x000000070c400000, 0x000000070c600000, 0x000000070c600000|100%| E|CS|TAMS 0x000000070c400000, 0x000000070c400000| Complete 
|  91|0x000000070c600000, 0x000000070c800000, 0x000000070c800000|100%| E|CS|TAMS 0x000000070c600000, 0x000000070c600000| Complete 
|  92|0x000000070c800000, 0x000000070ca00000, 0x000000070ca00000|100%| E|CS|TAMS 0x000000070c800000, 0x000000070c800000| Complete 
|  93|0x000000070ca00000, 0x000000070cc00000, 0x000000070cc00000|100%| E|CS|TAMS 0x000000070ca00000, 0x000000070ca00000| Complete 
|  94|0x000000070cc00000, 0x000000070ce00000, 0x000000070ce00000|100%| E|CS|TAMS 0x000000070cc00000, 0x000000070cc00000| Complete 
|  95|0x000000070ce00000, 0x000000070d000000, 0x000000070d000000|100%| E|CS|TAMS 0x000000070ce00000, 0x000000070ce00000| Complete 
|  96|0x000000070d000000, 0x000000070d200000, 0x000000070d200000|100%| E|CS|TAMS 0x000000070d000000, 0x000000070d000000| Complete 
|  97|0x000000070d200000, 0x000000070d400000, 0x000000070d400000|100%| E|CS|TAMS 0x000000070d200000, 0x000000070d200000| Complete 
|  98|0x000000070d400000, 0x000000070d600000, 0x000000070d600000|100%| E|CS|TAMS 0x000000070d400000, 0x000000070d400000| Complete 
|  99|0x000000070d600000, 0x000000070d800000, 0x000000070d800000|100%| E|CS|TAMS 0x000000070d600000, 0x000000070d600000| Complete 
| 100|0x000000070d800000, 0x000000070da00000, 0x000000070da00000|100%| E|CS|TAMS 0x000000070d800000, 0x000000070d800000| Complete 
| 101|0x000000070da00000, 0x000000070dc00000, 0x000000070dc00000|100%| E|CS|TAMS 0x000000070da00000, 0x000000070da00000| Complete 
| 102|0x000000070dc00000, 0x000000070de00000, 0x000000070de00000|100%| E|CS|TAMS 0x000000070dc00000, 0x000000070dc00000| Complete 
| 103|0x000000070de00000, 0x000000070e000000, 0x000000070e000000|100%| E|CS|TAMS 0x000000070de00000, 0x000000070de00000| Complete 
| 104|0x000000070e000000, 0x000000070e200000, 0x000000070e200000|100%| E|CS|TAMS 0x000000070e000000, 0x000000070e000000| Complete 
| 105|0x000000070e200000, 0x000000070e400000, 0x000000070e400000|100%| E|CS|TAMS 0x000000070e200000, 0x000000070e200000| Complete 
| 106|0x000000070e400000, 0x000000070e600000, 0x000000070e600000|100%| E|CS|TAMS 0x000000070e400000, 0x000000070e400000| Complete 
| 107|0x000000070e600000, 0x000000070e800000, 0x000000070e800000|100%| E|CS|TAMS 0x000000070e600000, 0x000000070e600000| Complete 
| 108|0x000000070e800000, 0x000000070ea00000, 0x000000070ea00000|100%| E|CS|TAMS 0x000000070e800000, 0x000000070e800000| Complete 
| 109|0x000000070ea00000, 0x000000070ec00000, 0x000000070ec00000|100%| E|CS|TAMS 0x000000070ea00000, 0x000000070ea00000| Complete 
| 110|0x000000070ec00000, 0x000000070ee00000, 0x000000070ee00000|100%| E|CS|TAMS 0x000000070ec00000, 0x000000070ec00000| Complete 
| 111|0x000000070ee00000, 0x000000070f000000, 0x000000070f000000|100%| E|CS|TAMS 0x000000070ee00000, 0x000000070ee00000| Complete 
| 112|0x000000070f000000, 0x000000070f200000, 0x000000070f200000|100%| E|CS|TAMS 0x000000070f000000, 0x000000070f000000| Complete 
| 113|0x000000070f200000, 0x000000070f400000, 0x000000070f400000|100%| E|CS|TAMS 0x000000070f200000, 0x000000070f200000| Complete 
| 114|0x000000070f400000, 0x000000070f600000, 0x000000070f600000|100%| E|CS|TAMS 0x000000070f400000, 0x000000070f400000| Complete 
| 115|0x000000070f600000, 0x000000070f800000, 0x000000070f800000|100%| E|CS|TAMS 0x000000070f600000, 0x000000070f600000| Complete 
| 116|0x000000070f800000, 0x000000070fa00000, 0x000000070fa00000|100%| E|CS|TAMS 0x000000070f800000, 0x000000070f800000| Complete 
| 117|0x000000070fa00000, 0x000000070fc00000, 0x000000070fc00000|100%| E|CS|TAMS 0x000000070fa00000, 0x000000070fa00000| Complete 
| 118|0x000000070fc00000, 0x000000070fe00000, 0x000000070fe00000|100%| E|CS|TAMS 0x000000070fc00000, 0x000000070fc00000| Complete 
| 119|0x000000070fe00000, 0x0000000710000000, 0x0000000710000000|100%| E|CS|TAMS 0x000000070fe00000, 0x000000070fe00000| Complete 
| 120|0x0000000710000000, 0x0000000710200000, 0x0000000710200000|100%| E|CS|TAMS 0x0000000710000000, 0x0000000710000000| Complete 
| 121|0x0000000710200000, 0x0000000710400000, 0x0000000710400000|100%| E|CS|TAMS 0x0000000710200000, 0x0000000710200000| Complete 
| 122|0x0000000710400000, 0x0000000710600000, 0x0000000710600000|100%| E|CS|TAMS 0x0000000710400000, 0x0000000710400000| Complete 
| 123|0x0000000710600000, 0x0000000710800000, 0x0000000710800000|100%| E|CS|TAMS 0x0000000710600000, 0x0000000710600000| Complete 
| 124|0x0000000710800000, 0x0000000710a00000, 0x0000000710a00000|100%| E|CS|TAMS 0x0000000710800000, 0x0000000710800000| Complete 
| 125|0x0000000710a00000, 0x0000000710c00000, 0x0000000710c00000|100%| E|CS|TAMS 0x0000000710a00000, 0x0000000710a00000| Complete 
| 126|0x0000000710c00000, 0x0000000710e00000, 0x0000000710e00000|100%| E|CS|TAMS 0x0000000710c00000, 0x0000000710c00000| Complete 
| 127|0x0000000710e00000, 0x0000000711000000, 0x0000000711000000|100%| E|CS|TAMS 0x0000000710e00000, 0x0000000710e00000| Complete 

Card table byte_map: [0x000001ff25f60000,0x000001ff26760000] _byte_map_base: 0x000001ff22758000

Marking Bits (Prev, Next): (CMBitMap*) 0x000001ff0ed857b0, (CMBitMap*) 0x000001ff0ed857f0
 Prev Bits: [0x000001ff26f60000, 0x000001ff2af20000)
 Next Bits: [0x000001ff2af20000, 0x000001ff2eee0000)

Polling page: 0x000001ff0e4e0000

Metaspace:

Usage:
  Non-class:      9.66 MB used.
      Class:      1.03 MB used.
       Both:     10.70 MB used.

Virtual space:
  Non-class space:       64.00 MB reserved,       9.75 MB ( 15%) committed,  1 nodes.
      Class space:        1.00 GB reserved,       1.19 MB ( <1%) committed,  1 nodes.
             Both:        1.06 GB reserved,      10.94 MB (  1%) committed. 

Chunk freelists:
   Non-Class:  2.28 MB
       Class:  2.73 MB
        Both:  5.01 MB

MaxMetaspaceSize: unlimited
CompressedClassSpaceSize: 1.00 GB
Initial GC threshold: 21.00 MB
Current GC threshold: 21.00 MB
CDS: on
MetaspaceReclaimPolicy: balanced
 - commit_granule_bytes: 65536.
 - commit_granule_words: 8192.
 - virtual_space_node_default_size: 8388608.
 - enlarge_chunks_in_place: 1.
 - new_chunks_are_fully_committed: 0.
 - uncommit_free_chunks: 1.
 - use_allocation_guard: 0.


Internal statistics:

num_allocs_failed_limit: 0.
num_arena_births: 170.
num_arena_deaths: 0.
num_vsnodes_births: 2.
num_vsnodes_deaths: 0.
num_space_committed: 175.
num_space_uncommitted: 0.
num_chunks_returned_to_freelist: 0.
num_chunks_taken_from_freelist: 252.
num_chunk_merges: 0.
num_chunk_splits: 151.
num_chunks_enlarged: 88.
num_inconsistent_stats: 0.

CodeHeap 'non-profiled nmethods': size=120000Kb used=2586Kb max_used=2586Kb free=117413Kb
 bounds [0x000001ff1e120000, 0x000001ff1e3b0000, 0x000001ff25650000]
CodeHeap 'profiled nmethods': size=120000Kb used=6232Kb max_used=6232Kb free=113767Kb
 bounds [0x000001ff16bf0000, 0x000001ff17210000, 0x000001ff1e120000]
CodeHeap 'non-nmethods': size=5760Kb used=1319Kb max_used=1385Kb free=4440Kb
 bounds [0x000001ff16650000, 0x000001ff168c0000, 0x000001ff16bf0000]
 total_blobs=3955 nmethods=3315 adapters=552
 compilation: enabled
              stopped_count=0, restarted_count=0
 full_count=0

Compilation events (20 events):
Event: 46.660 Thread 0x000001ff316adda0 3308       4       core.Log::updateCriticalDamageFloatingText (32 bytes)
Event: 46.661 Thread 0x000001ff316adda0 nmethod 3308 0x000001ff1e399d10 code [0x000001ff1e399e80, 0x000001ff1e399f38]
Event: 47.265 Thread 0x000001ff316adda0 3309  s    4       sun.awt.image.ToolkitImage::addWatcher (49 bytes)
Event: 47.384 Thread 0x000001ff316adda0 nmethod 3309 0x000001ff1e39a010 code [0x000001ff1e39a4e0, 0x000001ff1e3a0550]
Event: 47.384 Thread 0x000001ff316adda0 3310       4       sun.awt.image.ImageRepresentation::setDimensions (95 bytes)
Event: 47.388 Thread 0x000001ff316adda0 nmethod 3310 0x000001ff1e3a3310 code [0x000001ff1e3a34e0, 0x000001ff1e3a3b90]
Event: 47.434 Thread 0x000001ff316adda0 3311       4       java.awt.Image::getScaledInstance (56 bytes)
Event: 47.443 Thread 0x000001ff316adda0 nmethod 3311 0x000001ff1e3a4010 code [0x000001ff1e3a41e0, 0x000001ff1e3a4d98]
Event: 48.382 Thread 0x000001ff316b3340 3312 % !   3       sun.java2d.Disposer::run @ 0 (50 bytes)
Event: 48.383 Thread 0x000001ff316b3340 nmethod 3312% 0x000001ff17204310 code [0x000001ff17204520, 0x000001ff17204cb8]
Event: 48.383 Thread 0x000001ff316b3340 3313   !   3       sun.java2d.Disposer::run (50 bytes)
Event: 48.383 Thread 0x000001ff316b3340 nmethod 3313 0x000001ff17204f90 code [0x000001ff172051a0, 0x000001ff17205918]
Event: 52.932 Thread 0x000001ff316b3340 3314       1       com.sun.media.sound.DirectAudioDevice$DirectClip::getFrameLength (5 bytes)
Event: 52.932 Thread 0x000001ff316b3340 nmethod 3314 0x000001ff1e3a5290 code [0x000001ff1e3a5420, 0x000001ff1e3a54f8]
Event: 53.510 Thread 0x000001ff316adda0 3315       4       java.util.TimSort::binarySort (223 bytes)
Event: 53.521 Thread 0x000001ff316adda0 nmethod 3315 0x000001ff1e3a5590 code [0x000001ff1e3a5740, 0x000001ff1e3a6058]
Event: 53.614 Thread 0x000001ff316b3340 3316       3       java.awt.color.ColorSpace::getInstance (77 bytes)
Event: 53.614 Thread 0x000001ff316b3340 nmethod 3316 0x000001ff17205c10 code [0x000001ff17205de0, 0x000001ff17206188]
Event: 54.111 Thread 0x000001ff316adda0 3317       4       java.awt.Component::getBackground (29 bytes)
Event: 54.112 Thread 0x000001ff316adda0 nmethod 3317 0x000001ff1e3a6510 code [0x000001ff1e3a66a0, 0x000001ff1e3a67c8]

GC Heap History (20 events):
Event: 22.265 GC heap before
{Heap before GC invocations=6 (full 0):
 garbage-first heap   total 262144K, used 213631K [0x0000000701000000, 0x0000000800000000)
  region size 2048K, 76 young (155648K), 3 survivors (6144K)
 Metaspace       used 10895K, committed 11200K, reserved 1114112K
  class space    used 1059K, committed 1216K, reserved 1048576K
}
Event: 22.267 GC heap after
{Heap after GC invocations=7 (full 0):
 garbage-first heap   total 262144K, used 64269K [0x0000000701000000, 0x0000000800000000)
  region size 2048K, 3 young (6144K), 3 survivors (6144K)
 Metaspace       used 10895K, committed 11200K, reserved 1114112K
  class space    used 1059K, committed 1216K, reserved 1048576K
}
Event: 27.511 GC heap before
{Heap before GC invocations=7 (full 0):
 garbage-first heap   total 262144K, used 213773K [0x0000000701000000, 0x0000000800000000)
  region size 2048K, 76 young (155648K), 3 survivors (6144K)
 Metaspace       used 10897K, committed 11200K, reserved 1114112K
  class space    used 1059K, committed 1216K, reserved 1048576K
}
Event: 27.514 GC heap after
{Heap after GC invocations=8 (full 0):
 garbage-first heap   total 262144K, used 64412K [0x0000000701000000, 0x0000000800000000)
  region size 2048K, 3 young (6144K), 3 survivors (6144K)
 Metaspace       used 10897K, committed 11200K, reserved 1114112K
  class space    used 1059K, committed 1216K, reserved 1048576K
}
Event: 32.716 GC heap before
{Heap before GC invocations=8 (full 0):
 garbage-first heap   total 262144K, used 213916K [0x0000000701000000, 0x0000000800000000)
  region size 2048K, 76 young (155648K), 3 survivors (6144K)
 Metaspace       used 10898K, committed 11200K, reserved 1114112K
  class space    used 1059K, committed 1216K, reserved 1048576K
}
Event: 32.718 GC heap after
{Heap after GC invocations=9 (full 0):
 garbage-first heap   total 262144K, used 64541K [0x0000000701000000, 0x0000000800000000)
  region size 2048K, 3 young (6144K), 3 survivors (6144K)
 Metaspace       used 10898K, committed 11200K, reserved 1114112K
  class space    used 1059K, committed 1216K, reserved 1048576K
}
Event: 37.935 GC heap before
{Heap before GC invocations=9 (full 0):
 garbage-first heap   total 262144K, used 214045K [0x0000000701000000, 0x0000000800000000)
  region size 2048K, 76 young (155648K), 3 survivors (6144K)
 Metaspace       used 10948K, committed 11200K, reserved 1114112K
  class space    used 1059K, committed 1216K, reserved 1048576K
}
Event: 37.937 GC heap after
{Heap after GC invocations=10 (full 0):
 garbage-first heap   total 262144K, used 64250K [0x0000000701000000, 0x0000000800000000)
  region size 2048K, 3 young (6144K), 3 survivors (6144K)
 Metaspace       used 10948K, committed 11200K, reserved 1114112K
  class space    used 1059K, committed 1216K, reserved 1048576K
}
Event: 43.149 GC heap before
{Heap before GC invocations=10 (full 0):
 garbage-first heap   total 262144K, used 213754K [0x0000000701000000, 0x0000000800000000)
  region size 2048K, 76 young (155648K), 3 survivors (6144K)
 Metaspace       used 10952K, committed 11200K, reserved 1114112K
  class space    used 1059K, committed 1216K, reserved 1048576K
}
Event: 43.152 GC heap after
{Heap after GC invocations=11 (full 0):
 garbage-first heap   total 262144K, used 64472K [0x0000000701000000, 0x0000000800000000)
  region size 2048K, 3 young (6144K), 3 survivors (6144K)
 Metaspace       used 10952K, committed 11200K, reserved 1114112K
  class space    used 1059K, committed 1216K, reserved 1048576K
}
Event: 48.373 GC heap before
{Heap before GC invocations=11 (full 0):
 garbage-first heap   total 262144K, used 213976K [0x0000000701000000, 0x0000000800000000)
  region size 2048K, 76 young (155648K), 3 survivors (6144K)
 Metaspace       used 10952K, committed 11200K, reserved 1114112K
  class space    used 1059K, committed 1216K, reserved 1048576K
}
Event: 48.378 GC heap after
{Heap after GC invocations=12 (full 0):
 garbage-first heap   total 262144K, used 64275K [0x0000000701000000, 0x0000000800000000)
  region size 2048K, 3 young (6144K), 3 survivors (6144K)
 Metaspace       used 10952K, committed 11200K, reserved 1114112K
  class space    used 1059K, committed 1216K, reserved 1048576K
}
Event: 53.599 GC heap before
{Heap before GC invocations=12 (full 0):
 garbage-first heap   total 262144K, used 213779K [0x0000000701000000, 0x0000000800000000)
  region size 2048K, 76 young (155648K), 3 survivors (6144K)
 Metaspace       used 10953K, committed 11200K, reserved 1114112K
  class space    used 1059K, committed 1216K, reserved 1048576K
}
Event: 53.602 GC heap after
{Heap after GC invocations=13 (full 0):
 garbage-first heap   total 262144K, used 64336K [0x0000000701000000, 0x0000000800000000)
  region size 2048K, 3 young (6144K), 3 survivors (6144K)
 Metaspace       used 10953K, committed 11200K, reserved 1114112K
  class space    used 1059K, committed 1216K, reserved 1048576K
}
Event: 58.815 GC heap before
{Heap before GC invocations=13 (full 0):
 garbage-first heap   total 262144K, used 213840K [0x0000000701000000, 0x0000000800000000)
  region size 2048K, 76 young (155648K), 3 survivors (6144K)
 Metaspace       used 10954K, committed 11200K, reserved 1114112K
  class space    used 1059K, committed 1216K, reserved 1048576K
}
Event: 58.818 GC heap after
{Heap after GC invocations=14 (full 0):
 garbage-first heap   total 262144K, used 64434K [0x0000000701000000, 0x0000000800000000)
  region size 2048K, 3 young (6144K), 3 survivors (6144K)
 Metaspace       used 10954K, committed 11200K, reserved 1114112K
  class space    used 1059K, committed 1216K, reserved 1048576K
}
Event: 64.050 GC heap before
{Heap before GC invocations=14 (full 0):
 garbage-first heap   total 262144K, used 213938K [0x0000000701000000, 0x0000000800000000)
  region size 2048K, 76 young (155648K), 3 survivors (6144K)
 Metaspace       used 10954K, committed 11200K, reserved 1114112K
  class space    used 1059K, committed 1216K, reserved 1048576K
}
Event: 64.052 GC heap after
{Heap after GC invocations=15 (full 0):
 garbage-first heap   total 262144K, used 64321K [0x0000000701000000, 0x0000000800000000)
  region size 2048K, 3 young (6144K), 3 survivors (6144K)
 Metaspace       used 10954K, committed 11200K, reserved 1114112K
  class space    used 1059K, committed 1216K, reserved 1048576K
}
Event: 69.315 GC heap before
{Heap before GC invocations=15 (full 0):
 garbage-first heap   total 262144K, used 213825K [0x0000000701000000, 0x0000000800000000)
  region size 2048K, 76 young (155648K), 3 survivors (6144K)
 Metaspace       used 10954K, committed 11200K, reserved 1114112K
  class space    used 1059K, committed 1216K, reserved 1048576K
}
Event: 69.318 GC heap after
{Heap after GC invocations=16 (full 0):
 garbage-first heap   total 262144K, used 64562K [0x0000000701000000, 0x0000000800000000)
  region size 2048K, 3 young (6144K), 3 survivors (6144K)
 Metaspace       used 10954K, committed 11200K, reserved 1114112K
  class space    used 1059K, committed 1216K, reserved 1048576K
}

Deoptimization events (20 events):
Event: 38.154 Thread 0x000001ff367088d0 Uncommon trap: trap_request=0xffffff45 fr.pc=0x000001ff1e359dc8 relative=0x00000000000005e8
Event: 38.154 Thread 0x000001ff367088d0 Uncommon trap: reason=unstable_if action=reinterpret pc=0x000001ff1e359dc8 method=sun.java2d.loops.ProcessPath.ProcessMonotonicCubic(Lsun/java2d/loops/ProcessPath$ProcessHandler;[F[I)V @ 225 c2
Event: 38.154 Thread 0x000001ff367088d0 DEOPT PACKING pc=0x000001ff1e359dc8 sp=0x00000027509ff2a0
Event: 38.154 Thread 0x000001ff367088d0 DEOPT UNPACKING pc=0x000001ff166a23a3 sp=0x00000027509ff208 mode 2
Event: 38.154 Thread 0x000001ff367088d0 Uncommon trap: trap_request=0xffffff45 fr.pc=0x000001ff1e2810a4 relative=0x0000000000000204
Event: 38.154 Thread 0x000001ff367088d0 Uncommon trap: reason=unstable_if action=reinterpret pc=0x000001ff1e2810a4 method=sun.java2d.loops.ProcessPath.TESTANDCLIP(FF[FIIII)I @ 16 c2
Event: 38.154 Thread 0x000001ff367088d0 DEOPT PACKING pc=0x000001ff1e2810a4 sp=0x00000027509ff260
Event: 38.154 Thread 0x000001ff367088d0 DEOPT UNPACKING pc=0x000001ff166a23a3 sp=0x00000027509ff138 mode 2
Event: 38.154 Thread 0x000001ff367088d0 Uncommon trap: trap_request=0xffffff45 fr.pc=0x000001ff1e35acf4 relative=0x0000000000000754
Event: 38.154 Thread 0x000001ff367088d0 Uncommon trap: reason=unstable_if action=reinterpret pc=0x000001ff1e35acf4 method=sun.java2d.loops.ProcessPath.ProcessLine(Lsun/java2d/loops/ProcessPath$ProcessHandler;FFFF[I)V @ 399 c2
Event: 38.154 Thread 0x000001ff367088d0 DEOPT PACKING pc=0x000001ff1e35acf4 sp=0x00000027509ff2c0
Event: 38.154 Thread 0x000001ff367088d0 DEOPT UNPACKING pc=0x000001ff166a23a3 sp=0x00000027509ff1e8 mode 2
Event: 38.165 Thread 0x000001ff367088d0 Uncommon trap: trap_request=0xffffff45 fr.pc=0x000001ff1e359450 relative=0x0000000000000150
Event: 38.165 Thread 0x000001ff367088d0 Uncommon trap: reason=unstable_if action=reinterpret pc=0x000001ff1e359450 method=sun.java2d.loops.ProcessPath.TESTANDCLIP(FF[FIIII)I @ 54 c2
Event: 38.165 Thread 0x000001ff367088d0 DEOPT PACKING pc=0x000001ff1e359450 sp=0x00000027509ff210
Event: 38.165 Thread 0x000001ff367088d0 DEOPT UNPACKING pc=0x000001ff166a23a3 sp=0x00000027509ff180 mode 2
Event: 43.153 Thread 0x000001ff3168a080 DEOPT PACKING pc=0x000001ff171e22c5 sp=0x000000274e7ff0b0
Event: 43.153 Thread 0x000001ff3168a080 DEOPT UNPACKING pc=0x000001ff166a2b43 sp=0x000000274e7fe550 mode 0
Event: 48.381 Thread 0x000001ff3168a080 DEOPT PACKING pc=0x000001ff171e22c5 sp=0x000000274e7ff0b0
Event: 48.381 Thread 0x000001ff3168a080 DEOPT UNPACKING pc=0x000001ff166a2b43 sp=0x000000274e7fe550 mode 0

Classes loaded (20 events):
Event: 1.333 Loading class sun/awt/DebugSettings
Event: 1.333 Loading class sun/awt/DebugSettings done
Event: 1.333 Loading class java/awt/event/ContainerEvent
Event: 1.333 Loading class java/awt/event/ContainerEvent done
Event: 1.334 Loading class javax/swing/JComponent$KeyboardState
Event: 1.334 Loading class javax/swing/JComponent$KeyboardState done
Event: 1.334 Loading class javax/swing/JComponent$IntVector
Event: 1.334 Loading class javax/swing/JComponent$IntVector done
Event: 1.334 Loading class java/applet/Applet
Event: 1.334 Loading class java/awt/Panel
Event: 1.334 Loading class java/awt/Panel done
Event: 1.334 Loading class java/applet/Applet done
Event: 1.334 Loading class javax/swing/KeyboardManager
Event: 1.334 Loading class javax/swing/KeyboardManager done
Event: 1.334 Loading class javax/swing/Popup$HeavyWeightWindow
Event: 1.335 Loading class sun/awt/ModalExclude
Event: 1.335 Loading class sun/awt/ModalExclude done
Event: 1.335 Loading class javax/swing/JWindow
Event: 1.335 Loading class javax/swing/JWindow done
Event: 1.335 Loading class javax/swing/Popup$HeavyWeightWindow done

Classes unloaded (0 events):
No events

Classes redefined (0 events):
No events

Internal exceptions (20 events):
Event: 0.535 Thread 0x000001ff0ed13180 Exception <a 'java/lang/NoSuchMethodError'{0x000000070fcbd2f8}: 'void java.lang.invoke.DirectMethodHandle$Holder.invokeSpecial(java.lang.Object, java.lang.Object, java.lang.Object)'> (0x000000070fcbd2f8) 
thrown [s\open\src\hotspot\share\interpreter\linkResolver.cpp, line 766]
Event: 0.541 Thread 0x000001ff0ed13180 Exception <a 'java/lang/NoSuchMethodError'{0x000000070fd4ea98}: 'java.lang.Object java.lang.invoke.DirectMethodHandle$Holder.newInvokeSpecial(java.lang.Object, java.lang.Object, java.lang.Object, java.lang.Object, java.lang.Object)'> (0x000000070fd4ea98) 
thrown [s\open\src\hotspot\share\interpreter\linkResolver.cpp, line 766]
Event: 0.546 Thread 0x000001ff0ed13180 Exception <a 'java/lang/NoSuchMethodError'{0x000000070fd803a8}: 'java.lang.Object java.lang.invoke.DirectMethodHandle$Holder.invokeStatic(java.lang.Object, int, java.lang.Object)'> (0x000000070fd803a8) 
thrown [s\open\src\hotspot\share\interpreter\linkResolver.cpp, line 766]
Event: 0.571 Thread 0x000001ff0ed13180 Exception <a 'java/lang/ClassNotFoundException'{0x0000000710e3d740}: com/sun/swing/internal/plaf/metal/resources/spi/metalProvider> (0x0000000710e3d740) 
thrown [s\open\src\hotspot\share\classfile\systemDictionary.cpp, line 255]
Event: 0.572 Thread 0x000001ff0ed13180 Exception <a 'java/lang/ClassNotFoundException'{0x0000000710e416f8}: com/sun/swing/internal/plaf/basic/resources/spi/basicProvider> (0x0000000710e416f8) 
thrown [s\open\src\hotspot\share\classfile\systemDictionary.cpp, line 255]
Event: 0.578 Thread 0x000001ff0ed13180 Exception <a 'java/lang/NoSuchMethodError'{0x0000000710e875f0}: 'int java.lang.invoke.Invokers$Holder.invokeExact_MT(java.lang.Object, java.lang.Object)'> (0x0000000710e875f0) 
thrown [s\open\src\hotspot\share\interpreter\linkResolver.cpp, line 766]
Event: 0.583 Thread 0x000001ff36707590 Exception <a 'java/lang/NoSuchMethodError'{0x0000000710ede5d0}: 'java.lang.Object java.lang.invoke.DirectMethodHandle$Holder.newInvokeSpecial(java.lang.Object, java.lang.Object, java.lang.Object, int, int, int, int, int)'> (0x0000000710ede5d0) 
thrown [s\open\src\hotspot\share\interpreter\linkResolver.cpp, line 766]
Event: 0.620 Thread 0x000001ff0ed13180 Exception <a 'java/lang/NoSuchMethodError'{0x0000000710eb7fd8}: 'void java.lang.invoke.DirectMethodHandle$Holder.invokeStaticInit(java.lang.Object)'> (0x0000000710eb7fd8) 
thrown [s\open\src\hotspot\share\interpreter\linkResolver.cpp, line 766]
Event: 0.645 Thread 0x000001ff35d23310 Exception <a 'java/lang/NoSuchMethodError'{0x0000000710ffcc30}: 'void java.lang.invoke.DirectMethodHandle$Holder.invokeVirtual(java.lang.Object, java.lang.Object)'> (0x0000000710ffcc30) 
thrown [s\open\src\hotspot\share\interpreter\linkResolver.cpp, line 766]
Event: 0.674 Thread 0x000001ff36707590 Implicit null exception at 0x000001ff1e1679c3 to 0x000001ff1e16a034
Event: 0.825 Thread 0x000001ff367088d0 Exception <a 'java/lang/NoSuchMethodError'{0x0000000710a6e3e8}: 'int java.lang.invoke.DirectMethodHandle$Holder.invokeStatic(java.lang.Object, java.lang.Object, java.lang.Object, java.lang.Object)'> (0x0000000710a6e3e8) 
thrown [s\open\src\hotspot\share\interpreter\linkResolver.cpp, line 766]
Event: 0.826 Thread 0x000001ff367088d0 Exception <a 'java/lang/NoSuchMethodError'{0x0000000710a71ac0}: 'java.lang.Object java.lang.invoke.Invokers$Holder.invokeExact_MT(java.lang.Object, java.lang.Object, java.lang.Object, java.lang.Object, java.lang.Object, java.lang.Object)'> (0x0000000710a71ac0) 
thrown [s\open\src\hotspot\share\interpreter\linkResolver.cpp, line 766]
Event: 0.832 Thread 0x000001ff367088d0 Exception <a 'java/lang/NoSuchMethodError'{0x0000000710ab0ac8}: 'int java.lang.invoke.DirectMethodHandle$Holder.invokeSpecial(java.lang.Object, java.lang.Object, java.lang.Object)'> (0x0000000710ab0ac8) 
thrown [s\open\src\hotspot\share\interpreter\linkResolver.cpp, line 766]
Event: 0.859 Thread 0x000001ff367088d0 Implicit null exception at 0x000001ff1e1887e0 to 0x000001ff1e188dbc
Event: 0.883 Thread 0x000001ff367088d0 Exception <a 'java/io/FileNotFoundException'{0x00000007106f6370}> (0x00000007106f6370) 
thrown [s\open\src\hotspot\share\prims\jni.cpp, line 516]
Event: 0.892 Thread 0x000001ff367088d0 Exception <a 'java/io/FileNotFoundException'{0x000000071073f180}> (0x000000071073f180) 
thrown [s\open\src\hotspot\share\prims\jni.cpp, line 516]
Event: 0.899 Thread 0x000001ff367088d0 Exception <a 'java/io/FileNotFoundException'{0x000000071077de58}> (0x000000071077de58) 
thrown [s\open\src\hotspot\share\prims\jni.cpp, line 516]
Event: 0.905 Thread 0x000001ff367088d0 Exception <a 'java/io/FileNotFoundException'{0x00000007107c8b00}> (0x00000007107c8b00) 
thrown [s\open\src\hotspot\share\prims\jni.cpp, line 516]
Event: 1.080 Thread 0x000001ff367088d0 Implicit null exception at 0x000001ff1e1912e0 to 0x000001ff1e192ee4
Event: 4.170 Thread 0x000001ff367088d0 Implicit null exception at 0x000001ff1e2461e3 to 0x000001ff1e247270

VM Operations (20 events):
Event: 40.956 Executing VM operation: Cleanup
Event: 40.957 Executing VM operation: Cleanup done
Event: 41.957 Executing VM operation: Cleanup
Event: 41.973 Executing VM operation: Cleanup done
Event: 43.149 Executing VM operation: G1CollectForAllocation
Event: 43.152 Executing VM operation: G1CollectForAllocation done
Event: 46.160 Executing VM operation: Cleanup
Event: 46.160 Executing VM operation: Cleanup done
Event: 48.364 Executing VM operation: G1CollectForAllocation
Event: 48.378 Executing VM operation: G1CollectForAllocation done
Event: 53.599 Executing VM operation: G1CollectForAllocation
Event: 53.602 Executing VM operation: G1CollectForAllocation done
Event: 54.606 Executing VM operation: Cleanup
Event: 54.606 Executing VM operation: Cleanup done
Event: 58.815 Executing VM operation: G1CollectForAllocation
Event: 58.818 Executing VM operation: G1CollectForAllocation done
Event: 64.049 Executing VM operation: G1CollectForAllocation
Event: 64.052 Executing VM operation: G1CollectForAllocation done
Event: 69.315 Executing VM operation: G1CollectForAllocation
Event: 69.318 Executing VM operation: G1CollectForAllocation done

Events (20 events):
Event: 9.900 Thread 0x000001ff3e02ed90 Thread added: 0x000001ff3e02ed90
Event: 11.153 Thread 0x000001ff3e0335c0 Thread added: 0x000001ff3e0335c0
Event: 11.352 Thread 0x000001ff3e030f40 Thread added: 0x000001ff3e030f40
Event: 11.383 Thread 0x000001ff3e02e3f0 Thread added: 0x000001ff3e02e3f0
Event: 11.798 Thread 0x000001ff3e033f60 Thread added: 0x000001ff3e033f60
Event: 11.800 Thread 0x000001ff3e02da50 Thread added: 0x000001ff3e02da50
Event: 11.996 Thread 0x000001ff36707590 Thread exited: 0x000001ff36707590
Event: 12.932 Thread 0x000001ff3e02df20 Thread added: 0x000001ff3e02df20
Event: 13.697 Thread 0x000001ff3e02e8c0 Thread added: 0x000001ff3e02e8c0
Event: 13.699 Thread 0x000001ff3e0305a0 Thread added: 0x000001ff3e0305a0
Event: 15.613 Thread 0x000001ff3e030a70 Thread added: 0x000001ff3e030a70
Event: 16.283 Thread 0x000001ff3e031410 Thread added: 0x000001ff3e031410
Event: 16.532 Thread 0x000001ff3670aa80 Thread added: 0x000001ff3670aa80
Event: 16.782 Thread 0x000001ff36707590 Thread added: 0x000001ff36707590
Event: 16.784 Thread 0x000001ff3d6c7470 Thread added: 0x000001ff3d6c7470
Event: 19.533 Thread 0x000001ff3d6c7e10 Thread added: 0x000001ff3d6c7e10
Event: 19.763 Thread 0x000001ff3d6c9620 Thread added: 0x000001ff3d6c9620
Event: 19.913 Thread 0x000001ff3d6c87b0 Thread added: 0x000001ff3d6c87b0
Event: 28.531 Thread 0x000001ff3d681f10 Thread added: 0x000001ff3d681f10
Event: 30.756 Thread 0x000001ff3d681f10 Thread exited: 0x000001ff3d681f10


Dynamic libraries:
0x00007ff79c4b0000 - 0x00007ff79c4c0000 	C:\Program Files\Java\jdk-18.0.1.1\bin\java.exe
0x00007ff86f480000 - 0x00007ff86f689000 	C:\WINDOWS\SYSTEM32\ntdll.dll
0x00007ff86dba0000 - 0x00007ff86dc5e000 	C:\WINDOWS\System32\KERNEL32.DLL
0x00007ff86cc50000 - 0x00007ff86cfcb000 	C:\WINDOWS\System32\KERNELBASE.dll
0x00007ff86cac0000 - 0x00007ff86cbd1000 	C:\WINDOWS\System32\ucrtbase.dll
0x00007ff868a50000 - 0x00007ff868a6a000 	C:\Program Files\Java\jdk-18.0.1.1\bin\VCRUNTIME140.dll
0x00007ff868a30000 - 0x00007ff868a48000 	C:\Program Files\Java\jdk-18.0.1.1\bin\jli.dll
0x00007ff86d320000 - 0x00007ff86d3ce000 	C:\WINDOWS\System32\ADVAPI32.dll
0x00007ff86f390000 - 0x00007ff86f433000 	C:\WINDOWS\System32\msvcrt.dll
0x00007ff86d680000 - 0x00007ff86d71e000 	C:\WINDOWS\System32\sechost.dll
0x00007ff86d560000 - 0x00007ff86d680000 	C:\WINDOWS\System32\RPCRT4.dll
0x00007ff86d720000 - 0x00007ff86d8cd000 	C:\WINDOWS\System32\USER32.dll
0x00007ff86d070000 - 0x00007ff86d096000 	C:\WINDOWS\System32\win32u.dll
0x00007ff85e920000 - 0x00007ff85ebc5000 	C:\WINDOWS\WinSxS\amd64_microsoft.windows.common-controls_6595b64144ccf1df_6.0.22000.120_none_9d947278b86cc467\COMCTL32.dll
0x00007ff86f360000 - 0x00007ff86f389000 	C:\WINDOWS\System32\GDI32.dll
0x00007ff86d0a0000 - 0x00007ff86d1b8000 	C:\WINDOWS\System32\gdi32full.dll
0x00007ff86cfd0000 - 0x00007ff86d06d000 	C:\WINDOWS\System32\msvcp_win.dll
0x00007ff868c30000 - 0x00007ff868c3a000 	C:\WINDOWS\SYSTEM32\VERSION.dll
0x00007ff86f260000 - 0x00007ff86f292000 	C:\WINDOWS\System32\IMM32.DLL
0x00007ff866a20000 - 0x00007ff866a2c000 	C:\Program Files\Java\jdk-18.0.1.1\bin\vcruntime140_1.dll
0x00007ff85bbb0000 - 0x00007ff85bc3d000 	C:\Program Files\Java\jdk-18.0.1.1\bin\msvcp140.dll
0x00007ffff1c90000 - 0x00007ffff28a0000 	C:\Program Files\Java\jdk-18.0.1.1\bin\server\jvm.dll
0x00007ff86d3d0000 - 0x00007ff86d3d8000 	C:\WINDOWS\System32\PSAPI.DLL
0x00007ff857490000 - 0x00007ff857499000 	C:\WINDOWS\SYSTEM32\WSOCK32.dll
0x00007ff85d9f0000 - 0x00007ff85da23000 	C:\WINDOWS\SYSTEM32\WINMM.dll
0x00007ff86d8d0000 - 0x00007ff86d93f000 	C:\WINDOWS\System32\WS2_32.dll
0x00007ff86b9d0000 - 0x00007ff86b9e8000 	C:\WINDOWS\SYSTEM32\kernel.appcore.dll
0x00007ff8660a0000 - 0x00007ff8660aa000 	C:\Program Files\Java\jdk-18.0.1.1\bin\jimage.dll
0x00007ff8682b0000 - 0x00007ff8684d1000 	C:\WINDOWS\SYSTEM32\DBGHELP.DLL
0x00007ff867d70000 - 0x00007ff867da1000 	C:\WINDOWS\SYSTEM32\dbgcore.DLL
0x00007ff86d280000 - 0x00007ff86d2ff000 	C:\WINDOWS\System32\bcryptPrimitives.dll
0x00007ff866090000 - 0x00007ff86609e000 	C:\Program Files\Java\jdk-18.0.1.1\bin\instrument.dll
0x00007ff85bb80000 - 0x00007ff85bba5000 	C:\Program Files\Java\jdk-18.0.1.1\bin\java.dll
0x00007ff841680000 - 0x00007ff841756000 	C:\Program Files\Java\jdk-18.0.1.1\bin\jsvml.dll
0x00007ff86e8e0000 - 0x00007ff86f097000 	C:\WINDOWS\System32\SHELL32.dll
0x00007ff86aa40000 - 0x00007ff86b2a5000 	C:\WINDOWS\SYSTEM32\windows.storage.dll
0x00007ff86e560000 - 0x00007ff86e8d8000 	C:\WINDOWS\System32\combase.dll
0x00007ff86a8d0000 - 0x00007ff86aa36000 	C:\WINDOWS\SYSTEM32\wintypes.dll
0x00007ff86dce0000 - 0x00007ff86ddca000 	C:\WINDOWS\System32\SHCORE.dll
0x00007ff86d500000 - 0x00007ff86d55d000 	C:\WINDOWS\System32\shlwapi.dll
0x00007ff86c880000 - 0x00007ff86c8a1000 	C:\WINDOWS\SYSTEM32\profapi.dll
0x00007ff85b860000 - 0x00007ff85b878000 	C:\Program Files\Java\jdk-18.0.1.1\bin\zip.dll
0x00007ff85f580000 - 0x00007ff85f593000 	C:\Program Files\Java\jdk-18.0.1.1\bin\net.dll
0x00007ff868cf0000 - 0x00007ff868e04000 	C:\WINDOWS\SYSTEM32\WINHTTP.dll
0x00007ff86be70000 - 0x00007ff86bed7000 	C:\WINDOWS\system32\mswsock.dll
0x00007ff85ba20000 - 0x00007ff85ba36000 	C:\Program Files\Java\jdk-18.0.1.1\bin\nio.dll
0x00007ff85b840000 - 0x00007ff85b85a000 	C:\Program Files\JetBrains\IntelliJ IDEA 2022.2.1\bin\breakgen64.dll
0x00007ff81b060000 - 0x00007ff81b1ef000 	C:\Program Files\Java\jdk-18.0.1.1\bin\awt.dll
0x00007ff86da50000 - 0x00007ff86db26000 	C:\WINDOWS\System32\OLEAUT32.dll
0x00007ff869fc0000 - 0x00007ff86a052000 	C:\WINDOWS\SYSTEM32\apphelp.dll
0x00007ff86c0b0000 - 0x00007ff86c0c8000 	C:\WINDOWS\SYSTEM32\CRYPTSP.dll
0x00007ff86b930000 - 0x00007ff86b965000 	C:\WINDOWS\system32\rsaenh.dll
0x00007ff86bf60000 - 0x00007ff86bf89000 	C:\WINDOWS\SYSTEM32\USERENV.dll
0x00007ff86c240000 - 0x00007ff86c267000 	C:\WINDOWS\SYSTEM32\bcrypt.dll
0x00007ff86c0d0000 - 0x00007ff86c0dc000 	C:\WINDOWS\SYSTEM32\CRYPTBASE.dll
0x00007ff86b500000 - 0x00007ff86b52d000 	C:\WINDOWS\SYSTEM32\IPHLPAPI.DLL
0x00007ff86de30000 - 0x00007ff86de39000 	C:\WINDOWS\System32\NSI.dll
0x00007ff868cd0000 - 0x00007ff868ce9000 	C:\WINDOWS\SYSTEM32\dhcpcsvc6.DLL
0x00007ff868f10000 - 0x00007ff868f2e000 	C:\WINDOWS\SYSTEM32\dhcpcsvc.DLL
0x00007ff86b530000 - 0x00007ff86b618000 	C:\WINDOWS\SYSTEM32\DNSAPI.dll
0x00007ff8580a0000 - 0x00007ff8580cd000 	C:\Program Files\Java\jdk-18.0.1.1\bin\javajpeg.dll
0x00007ff86a4e0000 - 0x00007ff86a50f000 	C:\WINDOWS\system32\DWMAPI.DLL
0x00007ff86a080000 - 0x00007ff86a12c000 	C:\WINDOWS\system32\uxtheme.dll
0x00007ff84d870000 - 0x00007ff84d971000 	C:\WINDOWS\system32\opengl32.dll
0x00007ff85fdb0000 - 0x00007ff85fddd000 	C:\WINDOWS\SYSTEM32\GLU32.dll
0x00007ff86a160000 - 0x00007ff86a198000 	C:\WINDOWS\SYSTEM32\dxcore.dll
0x00007ff86d3e0000 - 0x00007ff86d4fd000 	C:\WINDOWS\System32\MSCTF.dll
0x00007ff86dee0000 - 0x00007ff86e07a000 	C:\WINDOWS\System32\ole32.dll
0x00007ff8484a0000 - 0x00007ff848646000 	C:\WINDOWS\system32\d3d9.dll
0x00007ff854320000 - 0x00007ff854425000 	C:\WINDOWS\System32\DriverStore\FileRepository\nv_dispi.inf_amd64_628fd811d3528c5d\nvldumdx.dll
0x00007ff86c110000 - 0x00007ff86c122000 	C:\WINDOWS\SYSTEM32\msasn1.dll
0x00007ff868a90000 - 0x00007ff868ac1000 	C:\WINDOWS\SYSTEM32\cryptnet.dll
0x00007ff86c950000 - 0x00007ff86cab2000 	C:\WINDOWS\System32\CRYPT32.dll
0x00007ff86cbe0000 - 0x00007ff86cc48000 	C:\WINDOWS\System32\WINTRUST.DLL
0x00007ff86d940000 - 0x00007ff86d95f000 	C:\WINDOWS\System32\imagehlp.dll
0x00007ff81dfb0000 - 0x00007ff81fbfa000 	C:\WINDOWS\System32\DriverStore\FileRepository\nv_dispi.inf_amd64_628fd811d3528c5d\nvd3dumx.dll
0x00007ff857360000 - 0x00007ff8573a4000 	C:\WINDOWS\SYSTEM32\directxdatabasehelper.dll
0x00007ff86b9f0000 - 0x00007ff86ba24000 	C:\WINDOWS\SYSTEM32\ntmarta.dll
0x00007ff82ecb0000 - 0x00007ff82ef62000 	C:\WINDOWS\system32\nvspcap64.dll
0x00007ff86bf00000 - 0x00007ff86bf24000 	C:\WINDOWS\SYSTEM32\gpapi.dll
0x00007ff84c170000 - 0x00007ff84c1f9000 	C:\Program Files\Java\jdk-18.0.1.1\bin\freetype.dll
0x00007ff84a5d0000 - 0x00007ff84a678000 	C:\Program Files\Java\jdk-18.0.1.1\bin\fontmanager.dll
0x00007ff858250000 - 0x00007ff85837d000 	C:\WINDOWS\SYSTEM32\textinputframework.dll
0x00007ff8698d0000 - 0x00007ff869a01000 	C:\WINDOWS\SYSTEM32\CoreMessaging.dll
0x00007ff856da0000 - 0x00007ff85710d000 	C:\WINDOWS\SYSTEM32\CoreUIComponents.dll
0x00007ff85ae60000 - 0x00007ff85ae71000 	C:\Program Files\Java\jdk-18.0.1.1\bin\jsound.dll
0x00007ff841890000 - 0x00007ff841932000 	C:\WINDOWS\SYSTEM32\DSOUND.dll
0x00007ff8417d0000 - 0x00007ff841881000 	C:\WINDOWS\SYSTEM32\ResampleDmo.DLL
0x00007ff86c680000 - 0x00007ff86c6cd000 	C:\WINDOWS\SYSTEM32\powrprof.dll
0x00007ff863300000 - 0x00007ff863329000 	C:\WINDOWS\SYSTEM32\winmmbase.dll
0x00007ff8445c0000 - 0x00007ff8445cb000 	C:\WINDOWS\SYSTEM32\msdmo.dll
0x00007ff86c660000 - 0x00007ff86c673000 	C:\WINDOWS\SYSTEM32\UMPDC.dll
0x00007ff86f2a0000 - 0x00007ff86f355000 	C:\WINDOWS\System32\clbcatq.dll
0x00007ff867b20000 - 0x00007ff867bbb000 	C:\WINDOWS\System32\MMDevApi.dll
0x00007ff86c5f0000 - 0x00007ff86c61c000 	C:\WINDOWS\System32\DEVOBJ.dll
0x00007ff86c410000 - 0x00007ff86c45c000 	C:\WINDOWS\SYSTEM32\cfgmgr32.dll
0x00007ff82dcb0000 - 0x00007ff82dcf6000 	C:\WINDOWS\SYSTEM32\wdmaud.drv
0x00007ff835200000 - 0x00007ff835209000 	C:\WINDOWS\SYSTEM32\ksuser.dll
0x00007ff8633f0000 - 0x00007ff8633fb000 	C:\WINDOWS\SYSTEM32\AVRT.dll
0x00007ff85f840000 - 0x00007ff85fa13000 	C:\WINDOWS\SYSTEM32\AUDIOSES.DLL
0x00007ff866020000 - 0x00007ff86602d000 	C:\WINDOWS\SYSTEM32\msacm32.drv
0x00007ff865890000 - 0x00007ff8658ae000 	C:\WINDOWS\SYSTEM32\MSACM32.dll
0x00007ff866010000 - 0x00007ff86601b000 	C:\WINDOWS\SYSTEM32\midimap.dll
0x00007ff86a2b0000 - 0x00007ff86a2c5000 	C:\WINDOWS\SYSTEM32\resourcepolicyclient.dll
0x00007ff856c10000 - 0x00007ff856d98000 	C:\Windows\System32\Windows.UI.dll

dbghelp: loaded successfully - version: 4.0.5 - missing functions: none
symbol engine: initialized successfully - sym options: 0x614 - pdb path: .;C:\Program Files\Java\jdk-18.0.1.1\bin;C:\WINDOWS\SYSTEM32;C:\WINDOWS\WinSxS\amd64_microsoft.windows.common-controls_6595b64144ccf1df_6.0.22000.120_none_9d947278b86cc467;C:\Program Files\Java\jdk-18.0.1.1\bin\server;C:\Program Files\JetBrains\IntelliJ IDEA 2022.2.1\bin;C:\WINDOWS\System32\DriverStore\FileRepository\nv_dispi.inf_amd64_628fd811d3528c5d

VM Arguments:
jvm_args: -javaagent:C:\Program Files\JetBrains\IntelliJ IDEA 2022.2.1\lib\idea_rt.jar=61911:C:\Program Files\JetBrains\IntelliJ IDEA 2022.2.1\bin -Dfile.encoding=UTF-8 -Dsun.stdout.encoding=UTF-8 -Dsun.stderr.encoding=UTF-8 
java_command: Launcher
java_class_path (initial): C:\Users\Intel\Desktop\Projets_programmation_personnels\Java\2D_RPG_Game\out\production\2D_RPG_Game;C:\Users\Intel\.m2\repository\org\jetbrains\kotlin\kotlin-stdlib-jdk8\1.7.10\kotlin-stdlib-jdk8-1.7.10.jar;C:\Users\Intel\.m2\repository\org\jetbrains\kotlin\kotlin-stdlib\1.7.10\kotlin-stdlib-1.7.10.jar;C:\Users\Intel\.m2\repository\org\jetbrains\kotlin\kotlin-stdlib-common\1.7.10\kotlin-stdlib-common-1.7.10.jar;C:\Users\Intel\.m2\repository\org\jetbrains\annotations\13.0\annotations-13.0.jar;C:\Users\Intel\.m2\repository\org\jetbrains\kotlin\kotlin-stdlib-jdk7\1.7.10\kotlin-stdlib-jdk7-1.7.10.jar
Launcher Type: SUN_STANDARD

[Global flags]
     intx CICompilerCount                          = 3                                         {product} {ergonomic}
     uint ConcGCThreads                            = 2                                         {product} {ergonomic}
     uint G1ConcRefinementThreads                  = 6                                         {product} {ergonomic}
   size_t G1HeapRegionSize                         = 2097152                                   {product} {ergonomic}
    uintx GCDrainStackTargetSize                   = 64                                        {product} {ergonomic}
   size_t InitialHeapSize                          = 268435456                                 {product} {ergonomic}
   size_t MarkStackSize                            = 4194304                                   {product} {ergonomic}
   size_t MaxHeapSize                              = 4278190080                                {product} {ergonomic}
   size_t MaxNewSize                               = 2566914048                                {product} {ergonomic}
   size_t MinHeapDeltaBytes                        = 2097152                                   {product} {ergonomic}
   size_t MinHeapSize                              = 8388608                                   {product} {ergonomic}
    uintx NonNMethodCodeHeapSize                   = 5832780                                {pd product} {ergonomic}
    uintx NonProfiledCodeHeapSize                  = 122912730                              {pd product} {ergonomic}
    uintx ProfiledCodeHeapSize                     = 122912730                              {pd product} {ergonomic}
    uintx ReservedCodeCacheSize                    = 251658240                              {pd product} {ergonomic}
     bool SegmentedCodeCache                       = true                                      {product} {ergonomic}
   size_t SoftMaxHeapSize                          = 4278190080                             {manageable} {ergonomic}
     bool UseCompressedClassPointers               = true                           {product lp64_product} {ergonomic}
     bool UseCompressedOops                        = true                           {product lp64_product} {ergonomic}
     bool UseG1GC                                  = true                                      {product} {ergonomic}
     bool UseLargePagesIndividualAllocation        = false                                  {pd product} {ergonomic}

Logging:
Log output configuration:
 #0: stdout all=warning uptime,level,tags foldmultilines=false
 #1: stderr all=off uptime,level,tags foldmultilines=false

Environment Variables:
PATH=C:\Program Files\Common Files\Oracle\Java\javapath;C:\Program Files\Eclipse Adoptium\jdk-17.0.2.8-hotspot\bin;C:\Program Files (x86)\Common Files\Oracle\Java\javapath;C:\Windows\system32;C:\Windows;C:\Windows\System32\Wbem;C:\Windows\System32\WindowsPowerShell\v1.0\;C:\Program Files\NVIDIA Corporation\NVIDIA NvDLISR;C:\Program Files (x86)\NVIDIA Corporation\PhysX\Common;C:\WINDOWS\system32;C:\WINDOWS;C:\WINDOWS\System32\Wbem;C:\WINDOWS\System32\WindowsPowerShell\v1.0\;C:\WINDOWS\System32\OpenSSH\;C:\Program Files\dotnet\;C:\Program Files\MATLAB\R2022b\bin;C:\Program Files\Git\cmd;C:\Users\Intel\AppData\Local\Programs\Python\Python310\Scripts\;C:\Users\Intel\AppData\Local\Programs\Python\Python310\;C:\Users\Intel\AppData\Local\Microsoft\WindowsApps;C:\Users\Intel\AppData\Local\atom\bin;C:\Users\Intel\AppData\Local\Programs\Microsoft VS Code\bin;C:\Users\Intel\AppData\Local\Microsoft\WindowsApps;;C:\Program Files\JetBrains\IntelliJ IDEA 2022.2.1\bin;
USERNAME=Christopher Forget
OS=Windows_NT
PROCESSOR_IDENTIFIER=Intel64 Family 6 Model 158 Stepping 10, GenuineIntel



---------------  S Y S T E M  ---------------

OS:
 Windows 11 , 64 bit Build 22000 (10.0.22000.1335)
OS uptime: 21 days 9:43 hours

CPU: total 6 (initial active 6) (6 cores per cpu, 1 threads per core) family 6 model 158 stepping 10 microcode 0xde, cx8, cmov, fxsr, mmx, 3dnowpref, sse, sse2, sse3, ssse3, sse4.1, sse4.2, popcnt, lzcnt, tsc, tscinvbit, avx, avx2, aes, erms, clmul, bmi1, bmi2, adx, fma, vzeroupper, clflush, clflushopt

Memory: 4k page, system-wide physical 16317M (6538M free)
TotalPageFile size 65469M (AvailPageFile size 3M)
current process WorkingSet (physical memory assigned to process): 307M, peak: 356M
current process commit charge ("private bytes"): 446M, peak: 497M

vm_info: Java HotSpot(TM) 64-Bit Server VM (18.0.1.1+2-6) for windows-amd64 JRE (18.0.1.1+2-6), built on Apr 25 2022 21:53:15 by "mach5one" with MS VC++ 16.8 / 16.9 (VS2019)

END.
